<?xml version="1.0" encoding="UTF-8"?>
<robot generator="Robot 6.1.1 (Python 3.10.7 on win32)" generated="20240419 22:45:32.506" rpa="false" schemaversion="4">
<suite id="s1" name="Test" source="E:\HK2-23_24\SWAT\Midterm_Assignment\Tests\AppointmentBooking\test.robot">
<test id="s1-t1" name="Testcase 01" line="5">
<kw name="Open Browser and login" library="resources">
<kw name="Open Browser To Katalon Demo CURA" library="resources">
<kw name="Open Browser" library="SeleniumLibrary">
<arg>${URL}</arg>
<arg>${BROWSER}</arg>
<doc>Opens a new browser instance to the optional ``url``.</doc>
<msg timestamp="20240419 22:45:32.878" level="INFO">Opening browser 'chrome' to base url 'https://katalon-demo-cura.herokuapp.com/'.</msg>
<status status="PASS" starttime="20240419 22:45:32.877" endtime="20240419 22:45:37.805"/>
</kw>
<kw name="Maximize Browser Window" library="SeleniumLibrary">
<doc>Maximizes current browser window.</doc>
<status status="PASS" starttime="20240419 22:45:37.806" endtime="20240419 22:45:37.938"/>
</kw>
<status status="PASS" starttime="20240419 22:45:32.877" endtime="20240419 22:45:37.938"/>
</kw>
<kw name="Click Element" library="SeleniumLibrary">
<arg>xpath://*[@id="menu-toggle"]</arg>
<doc>Click the element identified by ``locator``.</doc>
<msg timestamp="20240419 22:45:37.939" level="INFO">Clicking element 'xpath://*[@id="menu-toggle"]'.</msg>
<status status="PASS" starttime="20240419 22:45:37.938" endtime="20240419 22:45:38.049"/>
</kw>
<kw name="Sleep" library="BuiltIn">
<arg>2</arg>
<doc>Pauses the test executed for the given time.</doc>
<msg timestamp="20240419 22:45:40.065" level="INFO">Slept 2 seconds</msg>
<status status="PASS" starttime="20240419 22:45:38.051" endtime="20240419 22:45:40.065"/>
</kw>
<kw name="Click Element" library="SeleniumLibrary">
<arg>xpath://*[@id="sidebar-wrapper"]/ul/li[3]/a</arg>
<doc>Click the element identified by ``locator``.</doc>
<msg timestamp="20240419 22:45:40.066" level="INFO">Clicking element 'xpath://*[@id="sidebar-wrapper"]/ul/li[3]/a'.</msg>
<status status="PASS" starttime="20240419 22:45:40.065" endtime="20240419 22:45:41.044"/>
</kw>
<kw name="Wait Until Element Is Visible" library="SeleniumLibrary">
<arg>xpath://*[@id="login"]/div/div/div[2]/form/div[1]</arg>
<doc>Waits until the element ``locator`` is visible.</doc>
<status status="PASS" starttime="20240419 22:45:41.044" endtime="20240419 22:45:41.075"/>
</kw>
<kw name="Input Text" library="SeleniumLibrary">
<arg>id=txt-username</arg>
<arg>John Doe</arg>
<doc>Types the given ``text`` into the text field identified by ``locator``.</doc>
<msg timestamp="20240419 22:45:41.076" level="INFO">Typing text 'John Doe' into text field 'id=txt-username'.</msg>
<status status="PASS" starttime="20240419 22:45:41.075" endtime="20240419 22:45:41.151"/>
</kw>
<kw name="Input Text" library="SeleniumLibrary">
<arg>id=txt-password</arg>
<arg>ThisIsNotAPassword</arg>
<doc>Types the given ``text`` into the text field identified by ``locator``.</doc>
<msg timestamp="20240419 22:45:41.152" level="INFO">Typing text 'ThisIsNotAPassword' into text field 'id=txt-password'.</msg>
<status status="PASS" starttime="20240419 22:45:41.151" endtime="20240419 22:45:41.251"/>
</kw>
<kw name="Click Button" library="SeleniumLibrary">
<arg>id=btn-login</arg>
<doc>Clicks the button identified by ``locator``.</doc>
<msg timestamp="20240419 22:45:41.251" level="INFO">Clicking button 'id=btn-login'.</msg>
<status status="PASS" starttime="20240419 22:45:41.251" endtime="20240419 22:45:41.856"/>
</kw>
<status status="PASS" starttime="20240419 22:45:32.876" endtime="20240419 22:45:41.856"/>
</kw>
<kw name="List Selection Should Be" library="SeleniumLibrary">
<arg>xpath://*[@id="combo_facility"]</arg>
<arg>Tokyo CURA Healthcare Center</arg>
<doc>Verifies selection list ``locator`` has ``expected`` options selected.</doc>
<msg timestamp="20240419 22:45:41.860" level="INFO">Verifying list 'xpath://*[@id="combo_facility"]' has option [ Tokyo CURA Healthcare Center ] selected.</msg>
<msg timestamp="20240419 22:45:41.893" level="INFO">Current page contains list 'xpath://*[@id="combo_facility"]'.</msg>
<status status="PASS" starttime="20240419 22:45:41.856" endtime="20240419 22:45:41.966"/>
</kw>
<kw name="Checkbox Should Not Be Selected" library="SeleniumLibrary">
<arg>id:chk_hospotal_readmission</arg>
<doc>Verifies checkbox ``locator`` is not selected/checked.</doc>
<msg timestamp="20240419 22:45:41.967" level="INFO">Verifying checkbox 'id:chk_hospotal_readmission' is not selected.</msg>
<status status="PASS" starttime="20240419 22:45:41.967" endtime="20240419 22:45:41.984"/>
</kw>
<kw name="Radio Button Should Be Set To" library="SeleniumLibrary">
<arg>programs</arg>
<arg>Medicare</arg>
<doc>Verifies radio button group ``group_name`` is set to ``value``.</doc>
<msg timestamp="20240419 22:45:41.984" level="INFO">Verifying radio button 'programs' has selection 'Medicare'.</msg>
<status status="PASS" starttime="20240419 22:45:41.984" endtime="20240419 22:45:42.002"/>
</kw>
<kw name="Get Value" library="SeleniumLibrary">
<var>${date}</var>
<arg>xpath://*[@id="txt_visit_date"]</arg>
<doc>Returns the value attribute of the element identified by ``locator``.</doc>
<msg timestamp="20240419 22:45:42.013" level="INFO">${date} = </msg>
<status status="PASS" starttime="20240419 22:45:42.002" endtime="20240419 22:45:42.013"/>
</kw>
<kw name="Should Be Empty" library="BuiltIn">
<arg>${date}</arg>
<doc>Verifies that the given item is empty.</doc>
<msg timestamp="20240419 22:45:42.014" level="INFO">Length is 0</msg>
<status status="PASS" starttime="20240419 22:45:42.014" endtime="20240419 22:45:42.014"/>
</kw>
<kw name="Get Value" library="SeleniumLibrary">
<var>${comment}</var>
<arg>id:txt_comment</arg>
<doc>Returns the value attribute of the element identified by ``locator``.</doc>
<msg timestamp="20240419 22:45:42.026" level="INFO">${comment} = </msg>
<status status="PASS" starttime="20240419 22:45:42.014" endtime="20240419 22:45:42.026"/>
</kw>
<kw name="Should Be Empty" library="BuiltIn">
<arg>${comment}</arg>
<doc>Verifies that the given item is empty.</doc>
<msg timestamp="20240419 22:45:42.027" level="INFO">Length is 0</msg>
<status status="PASS" starttime="20240419 22:45:42.027" endtime="20240419 22:45:42.027"/>
</kw>
<kw name="Verify Placeholders" library="resources">
<arg>dd/mm/yyyy</arg>
<arg>xpath://*[@id="txt_visit_date"]</arg>
<kw name="Get WebElement" library="SeleniumLibrary">
<var>${webelement}</var>
<arg>${element}</arg>
<doc>Returns the first WebElement matching the given ``locator``.</doc>
<msg timestamp="20240419 22:45:42.034" level="INFO">${webelement} = &lt;selenium.webdriver.remote.webelement.WebElement (session="d3c075455a62031c99ba65eb2d919179", element="f.71677A3D6D304CCE7EDFD4FC1F0EB38E.d.1BC33C046B2C5B2311E4D2C60EFFDF8A.e.56")&gt;</msg>
<status status="PASS" starttime="20240419 22:45:42.028" endtime="20240419 22:45:42.035"/>
</kw>
<kw name="Call Method" library="BuiltIn">
<var>${placeholder}</var>
<arg>${webelement}</arg>
<arg>get_attribute</arg>
<arg>placeholder</arg>
<doc>Calls the named method of the given object with the provided arguments.</doc>
<msg timestamp="20240419 22:45:42.039" level="INFO">${placeholder} = dd/mm/yyyy</msg>
<status status="PASS" starttime="20240419 22:45:42.035" endtime="20240419 22:45:42.039"/>
</kw>
<kw name="Should Be Equal As Strings" library="BuiltIn">
<arg>${placeholder}</arg>
<arg>${expected_placeholder}</arg>
<doc>Fails if objects are unequal after converting them to strings.</doc>
<status status="PASS" starttime="20240419 22:45:42.039" endtime="20240419 22:45:42.039"/>
</kw>
<status status="PASS" starttime="20240419 22:45:42.027" endtime="20240419 22:45:42.039"/>
</kw>
<kw name="Verify Placeholders" library="resources">
<arg>Comment</arg>
<arg>id:txt_comment</arg>
<kw name="Get WebElement" library="SeleniumLibrary">
<var>${webelement}</var>
<arg>${element}</arg>
<doc>Returns the first WebElement matching the given ``locator``.</doc>
<msg timestamp="20240419 22:45:42.045" level="INFO">${webelement} = &lt;selenium.webdriver.remote.webelement.WebElement (session="d3c075455a62031c99ba65eb2d919179", element="f.71677A3D6D304CCE7EDFD4FC1F0EB38E.d.1BC33C046B2C5B2311E4D2C60EFFDF8A.e.57")&gt;</msg>
<status status="PASS" starttime="20240419 22:45:42.039" endtime="20240419 22:45:42.046"/>
</kw>
<kw name="Call Method" library="BuiltIn">
<var>${placeholder}</var>
<arg>${webelement}</arg>
<arg>get_attribute</arg>
<arg>placeholder</arg>
<doc>Calls the named method of the given object with the provided arguments.</doc>
<msg timestamp="20240419 22:45:42.052" level="INFO">${placeholder} = Comment</msg>
<status status="PASS" starttime="20240419 22:45:42.046" endtime="20240419 22:45:42.052"/>
</kw>
<kw name="Should Be Equal As Strings" library="BuiltIn">
<arg>${placeholder}</arg>
<arg>${expected_placeholder}</arg>
<doc>Fails if objects are unequal after converting them to strings.</doc>
<status status="PASS" starttime="20240419 22:45:42.052" endtime="20240419 22:45:42.052"/>
</kw>
<status status="PASS" starttime="20240419 22:45:42.039" endtime="20240419 22:45:42.052"/>
</kw>
<doc>Verify the first time accessing</doc>
<status status="PASS" starttime="20240419 22:45:32.876" endtime="20240419 22:45:42.052"/>
</test>
<test id="s1-t2" name="Testcase 02" line="18">
<kw name="Open Browser and login" library="resources">
<kw name="Open Browser To Katalon Demo CURA" library="resources">
<kw name="Open Browser" library="SeleniumLibrary">
<arg>${URL}</arg>
<arg>${BROWSER}</arg>
<doc>Opens a new browser instance to the optional ``url``.</doc>
<msg timestamp="20240419 22:45:42.054" level="INFO">Opening browser 'chrome' to base url 'https://katalon-demo-cura.herokuapp.com/'.</msg>
<status status="PASS" starttime="20240419 22:45:42.054" endtime="20240419 22:46:14.975"/>
</kw>
<kw name="Maximize Browser Window" library="SeleniumLibrary">
<doc>Maximizes current browser window.</doc>
<status status="PASS" starttime="20240419 22:46:14.975" endtime="20240419 22:46:15.116"/>
</kw>
<status status="PASS" starttime="20240419 22:45:42.054" endtime="20240419 22:46:15.116"/>
</kw>
<kw name="Click Element" library="SeleniumLibrary">
<arg>xpath://*[@id="menu-toggle"]</arg>
<doc>Click the element identified by ``locator``.</doc>
<msg timestamp="20240419 22:46:15.119" level="INFO">Clicking element 'xpath://*[@id="menu-toggle"]'.</msg>
<status status="PASS" starttime="20240419 22:46:15.117" endtime="20240419 22:46:15.212"/>
</kw>
<kw name="Sleep" library="BuiltIn">
<arg>2</arg>
<doc>Pauses the test executed for the given time.</doc>
<msg timestamp="20240419 22:46:17.223" level="INFO">Slept 2 seconds</msg>
<status status="PASS" starttime="20240419 22:46:15.212" endtime="20240419 22:46:17.223"/>
</kw>
<kw name="Click Element" library="SeleniumLibrary">
<arg>xpath://*[@id="sidebar-wrapper"]/ul/li[3]/a</arg>
<doc>Click the element identified by ``locator``.</doc>
<msg timestamp="20240419 22:46:17.224" level="INFO">Clicking element 'xpath://*[@id="sidebar-wrapper"]/ul/li[3]/a'.</msg>
<status status="PASS" starttime="20240419 22:46:17.223" endtime="20240419 22:46:18.432"/>
</kw>
<kw name="Wait Until Element Is Visible" library="SeleniumLibrary">
<arg>xpath://*[@id="login"]/div/div/div[2]/form/div[1]</arg>
<doc>Waits until the element ``locator`` is visible.</doc>
<status status="PASS" starttime="20240419 22:46:18.432" endtime="20240419 22:46:18.458"/>
</kw>
<kw name="Input Text" library="SeleniumLibrary">
<arg>id=txt-username</arg>
<arg>John Doe</arg>
<doc>Types the given ``text`` into the text field identified by ``locator``.</doc>
<msg timestamp="20240419 22:46:18.459" level="INFO">Typing text 'John Doe' into text field 'id=txt-username'.</msg>
<status status="PASS" starttime="20240419 22:46:18.458" endtime="20240419 22:46:18.575"/>
</kw>
<kw name="Input Text" library="SeleniumLibrary">
<arg>id=txt-password</arg>
<arg>ThisIsNotAPassword</arg>
<doc>Types the given ``text`` into the text field identified by ``locator``.</doc>
<msg timestamp="20240419 22:46:18.575" level="INFO">Typing text 'ThisIsNotAPassword' into text field 'id=txt-password'.</msg>
<status status="PASS" starttime="20240419 22:46:18.575" endtime="20240419 22:46:18.638"/>
</kw>
<kw name="Click Button" library="SeleniumLibrary">
<arg>id=btn-login</arg>
<doc>Clicks the button identified by ``locator``.</doc>
<msg timestamp="20240419 22:46:18.639" level="INFO">Clicking button 'id=btn-login'.</msg>
<status status="PASS" starttime="20240419 22:46:18.638" endtime="20240419 22:46:20.252"/>
</kw>
<status status="PASS" starttime="20240419 22:45:42.054" endtime="20240419 22:46:20.253"/>
</kw>
<kw name="Set Variable" library="BuiltIn">
<var>${facility}</var>
<arg>Tokyo CURA Healthcare Center</arg>
<doc>Returns the given values which can then be assigned to a variables.</doc>
<msg timestamp="20240419 22:46:20.253" level="INFO">${facility} = Tokyo CURA Healthcare Center</msg>
<status status="PASS" starttime="20240419 22:46:20.253" endtime="20240419 22:46:20.253"/>
</kw>
<kw name="Select From List By Value" library="SeleniumLibrary">
<arg>xpath://*[@id="combo_facility"]</arg>
<arg>${facility}</arg>
<doc>Selects options from selection list ``locator`` by ``values``.</doc>
<msg timestamp="20240419 22:46:20.254" level="INFO">Selecting options from selection list 'xpath://*[@id="combo_facility"]' by value Tokyo CURA Healthcare Center.</msg>
<status status="PASS" starttime="20240419 22:46:20.254" endtime="20240419 22:46:20.322"/>
</kw>
<kw name="Select Checkbox" library="SeleniumLibrary">
<arg>xpath://*[@id="chk_hospotal_readmission"]</arg>
<doc>Selects the checkbox identified by ``locator``.</doc>
<msg timestamp="20240419 22:46:20.323" level="INFO">Selecting checkbox 'xpath://*[@id="chk_hospotal_readmission"]'.</msg>
<status status="PASS" starttime="20240419 22:46:20.323" endtime="20240419 22:46:20.382"/>
</kw>
<kw name="Run Keyword And Return Status" library="BuiltIn">
<var>${checkbox_status}</var>
<arg>Checkbox Should Be Selected</arg>
<arg>id:chk_hospotal_readmission</arg>
<doc>Runs the given keyword with given arguments and returns the status as a Boolean value.</doc>
<kw name="Checkbox Should Be Selected" library="SeleniumLibrary">
<arg>id:chk_hospotal_readmission</arg>
<doc>Verifies checkbox ``locator`` is selected/checked.</doc>
<msg timestamp="20240419 22:46:20.383" level="INFO">Verifying checkbox 'id:chk_hospotal_readmission' is selected.</msg>
<status status="PASS" starttime="20240419 22:46:20.383" endtime="20240419 22:46:20.406"/>
</kw>
<msg timestamp="20240419 22:46:20.406" level="INFO">${checkbox_status} = True</msg>
<status status="PASS" starttime="20240419 22:46:20.382" endtime="20240419 22:46:20.406"/>
</kw>
<kw name="Set Variable If" library="BuiltIn">
<var>${checkbox}</var>
<arg>${checkbox_status}</arg>
<arg>Yes</arg>
<arg>ELSE</arg>
<arg>No</arg>
<doc>Sets variable based on the given condition.</doc>
<msg timestamp="20240419 22:46:20.407" level="INFO">${checkbox} = Yes</msg>
<status status="PASS" starttime="20240419 22:46:20.406" endtime="20240419 22:46:20.407"/>
</kw>
<kw name="Set Variable" library="BuiltIn">
<var>${program}</var>
<arg>Medicaid</arg>
<doc>Returns the given values which can then be assigned to a variables.</doc>
<msg timestamp="20240419 22:46:20.408" level="INFO">${program} = Medicaid</msg>
<status status="PASS" starttime="20240419 22:46:20.407" endtime="20240419 22:46:20.408"/>
</kw>
<kw name="Select Radio Button" library="SeleniumLibrary">
<arg>programs</arg>
<arg>${program}</arg>
<doc>Sets the radio button group ``group_name`` to ``value``.</doc>
<msg timestamp="20240419 22:46:20.409" level="INFO">Selecting 'Medicaid' from radio button 'programs'.</msg>
<status status="PASS" starttime="20240419 22:46:20.408" endtime="20240419 22:46:20.478"/>
</kw>
<kw name="Click Element" library="SeleniumLibrary">
<arg>xpath://*[@id="txt_visit_date"]</arg>
<doc>Click the element identified by ``locator``.</doc>
<msg timestamp="20240419 22:46:20.479" level="INFO">Clicking element 'xpath://*[@id="txt_visit_date"]'.</msg>
<status status="PASS" starttime="20240419 22:46:20.479" endtime="20240419 22:46:20.571"/>
</kw>
<kw name="Click Element" library="SeleniumLibrary">
<arg>xpath:/html/body/div/div[1]/table/tbody/tr[5]/td[3]</arg>
<doc>Click the element identified by ``locator``.</doc>
<msg timestamp="20240419 22:46:20.572" level="INFO">Clicking element 'xpath:/html/body/div/div[1]/table/tbody/tr[5]/td[3]'.</msg>
<status status="PASS" starttime="20240419 22:46:20.572" endtime="20240419 22:46:20.638"/>
</kw>
<kw name="Get Value" library="SeleniumLibrary">
<var>${date}</var>
<arg>xpath://*[@id="txt_visit_date"]</arg>
<doc>Returns the value attribute of the element identified by ``locator``.</doc>
<msg timestamp="20240419 22:46:20.651" level="INFO">${date} = 30/04/2024</msg>
<status status="PASS" starttime="20240419 22:46:20.639" endtime="20240419 22:46:20.651"/>
</kw>
<kw name="Set Variable" library="BuiltIn">
<var>${comment}</var>
<arg>This is a comment</arg>
<doc>Returns the given values which can then be assigned to a variables.</doc>
<msg timestamp="20240419 22:46:20.652" level="INFO">${comment} = This is a comment</msg>
<status status="PASS" starttime="20240419 22:46:20.651" endtime="20240419 22:46:20.652"/>
</kw>
<kw name="Input Text" library="SeleniumLibrary">
<arg>id:txt_comment</arg>
<arg>${comment}</arg>
<doc>Types the given ``text`` into the text field identified by ``locator``.</doc>
<msg timestamp="20240419 22:46:20.653" level="INFO">Typing text 'This is a comment' into text field 'id:txt_comment'.</msg>
<status status="PASS" starttime="20240419 22:46:20.652" endtime="20240419 22:46:20.730"/>
</kw>
<kw name="Sleep" library="BuiltIn">
<arg>3</arg>
<doc>Pauses the test executed for the given time.</doc>
<msg timestamp="20240419 22:46:23.745" level="INFO">Slept 3 seconds</msg>
<status status="PASS" starttime="20240419 22:46:20.731" endtime="20240419 22:46:23.745"/>
</kw>
<kw name="Click Element" library="SeleniumLibrary">
<arg>id:btn-book-appointment</arg>
<doc>Click the element identified by ``locator``.</doc>
<msg timestamp="20240419 22:46:23.747" level="INFO">Clicking element 'id:btn-book-appointment'.</msg>
<status status="PASS" starttime="20240419 22:46:23.747" endtime="20240419 22:46:25.872"/>
</kw>
<kw name="Wait Until Element Is Visible" library="SeleniumLibrary">
<arg>xpath://*[@id="summary"]/div/div/div[1]/h2</arg>
<doc>Waits until the element ``locator`` is visible.</doc>
<status status="PASS" starttime="20240419 22:46:25.874" endtime="20240419 22:46:25.906"/>
</kw>
<kw name="Verify the URL" library="resources">
<arg>https://katalon-demo-cura.herokuapp.com/appointment.php#summary</arg>
<kw name="Get Location" library="SeleniumLibrary">
<var>${current_url}</var>
<doc>Returns the current browser window URL.</doc>
<msg timestamp="20240419 22:46:25.916" level="INFO">${current_url} = https://katalon-demo-cura.herokuapp.com/appointment.php#summary</msg>
<status status="PASS" starttime="20240419 22:46:25.907" endtime="20240419 22:46:25.916"/>
</kw>
<kw name="Should Be Equal As Strings" library="BuiltIn">
<arg>${current_url}</arg>
<arg>${URL}</arg>
<doc>Fails if objects are unequal after converting them to strings.</doc>
<status status="PASS" starttime="20240419 22:46:25.916" endtime="20240419 22:46:25.917"/>
</kw>
<status status="PASS" starttime="20240419 22:46:25.906" endtime="20240419 22:46:25.917"/>
</kw>
<kw name="Verify information of booking" library="resources">
<arg>${facility}</arg>
<arg>${checkbox}</arg>
<arg>${program}</arg>
<arg>${date}</arg>
<arg>${comment}</arg>
<kw name="Get Text" library="SeleniumLibrary">
<var>${actual_facility}</var>
<arg>id=facility</arg>
<doc>Returns the text value of the element identified by ``locator``.</doc>
<msg timestamp="20240419 22:46:25.941" level="INFO">${actual_facility} = Tokyo CURA Healthcare Center</msg>
<status status="PASS" starttime="20240419 22:46:25.918" endtime="20240419 22:46:25.941"/>
</kw>
<kw name="Should Be Equal" library="BuiltIn">
<arg>${actual_facility}</arg>
<arg>${facility}</arg>
<doc>Fails if the given objects are unequal.</doc>
<status status="PASS" starttime="20240419 22:46:25.941" endtime="20240419 22:46:25.942"/>
</kw>
<kw name="Get Text" library="SeleniumLibrary">
<var>${actual_checkbox}</var>
<arg>id=hospital_readmission</arg>
<doc>Returns the text value of the element identified by ``locator``.</doc>
<msg timestamp="20240419 22:46:25.960" level="INFO">${actual_checkbox} = Yes</msg>
<status status="PASS" starttime="20240419 22:46:25.942" endtime="20240419 22:46:25.960"/>
</kw>
<kw name="Should Be Equal" library="BuiltIn">
<arg>${actual_checkbox}</arg>
<arg>${checkbox}</arg>
<doc>Fails if the given objects are unequal.</doc>
<status status="PASS" starttime="20240419 22:46:25.960" endtime="20240419 22:46:25.960"/>
</kw>
<kw name="Get Text" library="SeleniumLibrary">
<var>${actual_program}</var>
<arg>id=program</arg>
<doc>Returns the text value of the element identified by ``locator``.</doc>
<msg timestamp="20240419 22:46:25.985" level="INFO">${actual_program} = Medicaid</msg>
<status status="PASS" starttime="20240419 22:46:25.960" endtime="20240419 22:46:25.985"/>
</kw>
<kw name="Should Be Equal" library="BuiltIn">
<arg>${actual_program}</arg>
<arg>${program}</arg>
<doc>Fails if the given objects are unequal.</doc>
<status status="PASS" starttime="20240419 22:46:25.985" endtime="20240419 22:46:25.986"/>
</kw>
<kw name="Get Text" library="SeleniumLibrary">
<var>${actual_date}</var>
<arg>id=visit_date</arg>
<doc>Returns the text value of the element identified by ``locator``.</doc>
<msg timestamp="20240419 22:46:26.011" level="INFO">${actual_date} = 30/04/2024</msg>
<status status="PASS" starttime="20240419 22:46:25.986" endtime="20240419 22:46:26.011"/>
</kw>
<kw name="Should Be Equal" library="BuiltIn">
<arg>${actual_date}</arg>
<arg>${date}</arg>
<doc>Fails if the given objects are unequal.</doc>
<status status="PASS" starttime="20240419 22:46:26.011" endtime="20240419 22:46:26.012"/>
</kw>
<kw name="Get Text" library="SeleniumLibrary">
<var>${actual_comment}</var>
<arg>id=comment</arg>
<doc>Returns the text value of the element identified by ``locator``.</doc>
<msg timestamp="20240419 22:46:26.036" level="INFO">${actual_comment} = This is a comment</msg>
<status status="PASS" starttime="20240419 22:46:26.012" endtime="20240419 22:46:26.036"/>
</kw>
<kw name="Should Be Equal" library="BuiltIn">
<arg>${actual_comment}</arg>
<arg>${comment}</arg>
<doc>Fails if the given objects are unequal.</doc>
<status status="PASS" starttime="20240419 22:46:26.036" endtime="20240419 22:46:26.036"/>
</kw>
<status status="PASS" starttime="20240419 22:46:25.918" endtime="20240419 22:46:26.036"/>
</kw>
<kw name="Sleep" library="BuiltIn">
<arg>3</arg>
<doc>Pauses the test executed for the given time.</doc>
<msg timestamp="20240419 22:46:29.041" level="INFO">Slept 3 seconds</msg>
<status status="PASS" starttime="20240419 22:46:26.037" endtime="20240419 22:46:29.041"/>
</kw>
<kw name="Close Browser" library="SeleniumLibrary">
<doc>Closes the current browser.</doc>
<status status="PASS" starttime="20240419 22:46:29.042" endtime="20240419 22:46:31.231"/>
</kw>
<doc>Fill full the information</doc>
<status status="PASS" starttime="20240419 22:45:42.054" endtime="20240419 22:46:31.232"/>
</test>
<test id="s1-t3" name="Testcase 03" line="42">
<kw name="Open Browser and login" library="resources">
<kw name="Open Browser To Katalon Demo CURA" library="resources">
<kw name="Open Browser" library="SeleniumLibrary">
<arg>${URL}</arg>
<arg>${BROWSER}</arg>
<doc>Opens a new browser instance to the optional ``url``.</doc>
<msg timestamp="20240419 22:46:31.237" level="INFO">Opening browser 'chrome' to base url 'https://katalon-demo-cura.herokuapp.com/'.</msg>
<status status="PASS" starttime="20240419 22:46:31.236" endtime="20240419 22:47:12.524"/>
</kw>
<kw name="Maximize Browser Window" library="SeleniumLibrary">
<doc>Maximizes current browser window.</doc>
<status status="PASS" starttime="20240419 22:47:12.524" endtime="20240419 22:47:12.654"/>
</kw>
<status status="PASS" starttime="20240419 22:46:31.236" endtime="20240419 22:47:12.655"/>
</kw>
<kw name="Click Element" library="SeleniumLibrary">
<arg>xpath://*[@id="menu-toggle"]</arg>
<doc>Click the element identified by ``locator``.</doc>
<msg timestamp="20240419 22:47:12.655" level="INFO">Clicking element 'xpath://*[@id="menu-toggle"]'.</msg>
<status status="PASS" starttime="20240419 22:47:12.655" endtime="20240419 22:47:12.744"/>
</kw>
<kw name="Sleep" library="BuiltIn">
<arg>2</arg>
<doc>Pauses the test executed for the given time.</doc>
<msg timestamp="20240419 22:47:14.753" level="INFO">Slept 2 seconds</msg>
<status status="PASS" starttime="20240419 22:47:12.745" endtime="20240419 22:47:14.753"/>
</kw>
<kw name="Click Element" library="SeleniumLibrary">
<arg>xpath://*[@id="sidebar-wrapper"]/ul/li[3]/a</arg>
<doc>Click the element identified by ``locator``.</doc>
<msg timestamp="20240419 22:47:14.754" level="INFO">Clicking element 'xpath://*[@id="sidebar-wrapper"]/ul/li[3]/a'.</msg>
<status status="PASS" starttime="20240419 22:47:14.753" endtime="20240419 22:47:16.869"/>
</kw>
<kw name="Wait Until Element Is Visible" library="SeleniumLibrary">
<arg>xpath://*[@id="login"]/div/div/div[2]/form/div[1]</arg>
<doc>Waits until the element ``locator`` is visible.</doc>
<status status="PASS" starttime="20240419 22:47:16.869" endtime="20240419 22:47:16.907"/>
</kw>
<kw name="Input Text" library="SeleniumLibrary">
<arg>id=txt-username</arg>
<arg>John Doe</arg>
<doc>Types the given ``text`` into the text field identified by ``locator``.</doc>
<msg timestamp="20240419 22:47:16.908" level="INFO">Typing text 'John Doe' into text field 'id=txt-username'.</msg>
<status status="PASS" starttime="20240419 22:47:16.907" endtime="20240419 22:47:16.986"/>
</kw>
<kw name="Input Text" library="SeleniumLibrary">
<arg>id=txt-password</arg>
<arg>ThisIsNotAPassword</arg>
<doc>Types the given ``text`` into the text field identified by ``locator``.</doc>
<msg timestamp="20240419 22:47:16.986" level="INFO">Typing text 'ThisIsNotAPassword' into text field 'id=txt-password'.</msg>
<status status="PASS" starttime="20240419 22:47:16.986" endtime="20240419 22:47:17.060"/>
</kw>
<kw name="Click Button" library="SeleniumLibrary">
<arg>id=btn-login</arg>
<doc>Clicks the button identified by ``locator``.</doc>
<msg timestamp="20240419 22:47:17.061" level="INFO">Clicking button 'id=btn-login'.</msg>
<status status="PASS" starttime="20240419 22:47:17.060" endtime="20240419 22:47:20.440"/>
</kw>
<status status="PASS" starttime="20240419 22:46:31.235" endtime="20240419 22:47:20.440"/>
</kw>
<kw name="Set Variable" library="BuiltIn">
<var>${facility}</var>
<arg>Tokyo CURA Healthcare Center</arg>
<doc>Returns the given values which can then be assigned to a variables.</doc>
<msg timestamp="20240419 22:47:20.441" level="INFO">${facility} = Tokyo CURA Healthcare Center</msg>
<status status="PASS" starttime="20240419 22:47:20.441" endtime="20240419 22:47:20.441"/>
</kw>
<kw name="Select From List By Value" library="SeleniumLibrary">
<arg>xpath://*[@id="combo_facility"]</arg>
<arg>${facility}</arg>
<doc>Selects options from selection list ``locator`` by ``values``.</doc>
<msg timestamp="20240419 22:47:20.444" level="INFO">Selecting options from selection list 'xpath://*[@id="combo_facility"]' by value Tokyo CURA Healthcare Center.</msg>
<status status="PASS" starttime="20240419 22:47:20.441" endtime="20240419 22:47:20.501"/>
</kw>
<kw name="Run Keyword And Return Status" library="BuiltIn">
<var>${checkbox_status}</var>
<arg>Checkbox Should Not Be Selected</arg>
<arg>id:chk_hospotal_readmission</arg>
<doc>Runs the given keyword with given arguments and returns the status as a Boolean value.</doc>
<kw name="Checkbox Should Not Be Selected" library="SeleniumLibrary">
<arg>id:chk_hospotal_readmission</arg>
<doc>Verifies checkbox ``locator`` is not selected/checked.</doc>
<msg timestamp="20240419 22:47:20.503" level="INFO">Verifying checkbox 'id:chk_hospotal_readmission' is not selected.</msg>
<status status="PASS" starttime="20240419 22:47:20.502" endtime="20240419 22:47:20.535"/>
</kw>
<msg timestamp="20240419 22:47:20.535" level="INFO">${checkbox_status} = True</msg>
<status status="PASS" starttime="20240419 22:47:20.502" endtime="20240419 22:47:20.535"/>
</kw>
<kw name="Set Variable If" library="BuiltIn">
<var>${checkbox}</var>
<arg>${checkbox_status}</arg>
<arg>No</arg>
<arg>ELSE</arg>
<arg>Yes</arg>
<doc>Sets variable based on the given condition.</doc>
<msg timestamp="20240419 22:47:20.535" level="INFO">${checkbox} = No</msg>
<status status="PASS" starttime="20240419 22:47:20.535" endtime="20240419 22:47:20.535"/>
</kw>
<kw name="Set Variable" library="BuiltIn">
<var>${program}</var>
<arg>None</arg>
<doc>Returns the given values which can then be assigned to a variables.</doc>
<msg timestamp="20240419 22:47:20.536" level="INFO">${program} = None</msg>
<status status="PASS" starttime="20240419 22:47:20.536" endtime="20240419 22:47:20.536"/>
</kw>
<kw name="Select Radio Button" library="SeleniumLibrary">
<arg>programs</arg>
<arg>${program}</arg>
<doc>Sets the radio button group ``group_name`` to ``value``.</doc>
<msg timestamp="20240419 22:47:20.536" level="INFO">Selecting 'None' from radio button 'programs'.</msg>
<status status="PASS" starttime="20240419 22:47:20.536" endtime="20240419 22:47:20.596"/>
</kw>
<kw name="Click Element" library="SeleniumLibrary">
<arg>xpath://*[@id="txt_visit_date"]</arg>
<doc>Click the element identified by ``locator``.</doc>
<msg timestamp="20240419 22:47:20.599" level="INFO">Clicking element 'xpath://*[@id="txt_visit_date"]'.</msg>
<status status="PASS" starttime="20240419 22:47:20.597" endtime="20240419 22:47:20.667"/>
</kw>
<kw name="Click Element" library="SeleniumLibrary">
<arg>xpath:/html/body/div/div[1]/table/tbody/tr[5]/td[3]</arg>
<doc>Click the element identified by ``locator``.</doc>
<msg timestamp="20240419 22:47:20.668" level="INFO">Clicking element 'xpath:/html/body/div/div[1]/table/tbody/tr[5]/td[3]'.</msg>
<status status="PASS" starttime="20240419 22:47:20.668" endtime="20240419 22:47:20.724"/>
</kw>
<kw name="Get Value" library="SeleniumLibrary">
<var>${date}</var>
<arg>xpath://*[@id="txt_visit_date"]</arg>
<doc>Returns the value attribute of the element identified by ``locator``.</doc>
<msg timestamp="20240419 22:47:20.736" level="INFO">${date} = 30/04/2024</msg>
<status status="PASS" starttime="20240419 22:47:20.724" endtime="20240419 22:47:20.736"/>
</kw>
<kw name="Set Variable" library="BuiltIn">
<var>${comment}</var>
<arg>This is a comment</arg>
<doc>Returns the given values which can then be assigned to a variables.</doc>
<msg timestamp="20240419 22:47:20.736" level="INFO">${comment} = This is a comment</msg>
<status status="PASS" starttime="20240419 22:47:20.736" endtime="20240419 22:47:20.737"/>
</kw>
<kw name="Input Text" library="SeleniumLibrary">
<arg>id:txt_comment</arg>
<arg>${comment}</arg>
<doc>Types the given ``text`` into the text field identified by ``locator``.</doc>
<msg timestamp="20240419 22:47:20.737" level="INFO">Typing text 'This is a comment' into text field 'id:txt_comment'.</msg>
<status status="PASS" starttime="20240419 22:47:20.737" endtime="20240419 22:47:20.805"/>
</kw>
<kw name="Sleep" library="BuiltIn">
<arg>3</arg>
<doc>Pauses the test executed for the given time.</doc>
<msg timestamp="20240419 22:47:23.812" level="INFO">Slept 3 seconds</msg>
<status status="PASS" starttime="20240419 22:47:20.805" endtime="20240419 22:47:23.812"/>
</kw>
<kw name="Click Element" library="SeleniumLibrary">
<arg>id:btn-book-appointment</arg>
<doc>Click the element identified by ``locator``.</doc>
<msg timestamp="20240419 22:47:23.814" level="INFO">Clicking element 'id:btn-book-appointment'.</msg>
<status status="PASS" starttime="20240419 22:47:23.814" endtime="20240419 22:47:24.441"/>
</kw>
<kw name="Wait Until Element Is Visible" library="SeleniumLibrary">
<arg>xpath://*[@id="summary"]/div/div/div[1]/h2</arg>
<doc>Waits until the element ``locator`` is visible.</doc>
<status status="PASS" starttime="20240419 22:47:24.443" endtime="20240419 22:47:24.489"/>
</kw>
<kw name="Verify the URL" library="resources">
<arg>https://katalon-demo-cura.herokuapp.com/appointment.php#summary</arg>
<kw name="Get Location" library="SeleniumLibrary">
<var>${current_url}</var>
<doc>Returns the current browser window URL.</doc>
<msg timestamp="20240419 22:47:24.509" level="INFO">${current_url} = https://katalon-demo-cura.herokuapp.com/appointment.php#summary</msg>
<status status="PASS" starttime="20240419 22:47:24.491" endtime="20240419 22:47:24.509"/>
</kw>
<kw name="Should Be Equal As Strings" library="BuiltIn">
<arg>${current_url}</arg>
<arg>${URL}</arg>
<doc>Fails if objects are unequal after converting them to strings.</doc>
<status status="PASS" starttime="20240419 22:47:24.509" endtime="20240419 22:47:24.510"/>
</kw>
<status status="PASS" starttime="20240419 22:47:24.490" endtime="20240419 22:47:24.510"/>
</kw>
<kw name="Verify information of booking" library="resources">
<arg>${facility}</arg>
<arg>${checkbox}</arg>
<arg>${program}</arg>
<arg>${date}</arg>
<arg>${comment}</arg>
<kw name="Get Text" library="SeleniumLibrary">
<var>${actual_facility}</var>
<arg>id=facility</arg>
<doc>Returns the text value of the element identified by ``locator``.</doc>
<msg timestamp="20240419 22:47:24.541" level="INFO">${actual_facility} = Tokyo CURA Healthcare Center</msg>
<status status="PASS" starttime="20240419 22:47:24.511" endtime="20240419 22:47:24.541"/>
</kw>
<kw name="Should Be Equal" library="BuiltIn">
<arg>${actual_facility}</arg>
<arg>${facility}</arg>
<doc>Fails if the given objects are unequal.</doc>
<status status="PASS" starttime="20240419 22:47:24.541" endtime="20240419 22:47:24.541"/>
</kw>
<kw name="Get Text" library="SeleniumLibrary">
<var>${actual_checkbox}</var>
<arg>id=hospital_readmission</arg>
<doc>Returns the text value of the element identified by ``locator``.</doc>
<msg timestamp="20240419 22:47:24.568" level="INFO">${actual_checkbox} = No</msg>
<status status="PASS" starttime="20240419 22:47:24.541" endtime="20240419 22:47:24.568"/>
</kw>
<kw name="Should Be Equal" library="BuiltIn">
<arg>${actual_checkbox}</arg>
<arg>${checkbox}</arg>
<doc>Fails if the given objects are unequal.</doc>
<status status="PASS" starttime="20240419 22:47:24.568" endtime="20240419 22:47:24.568"/>
</kw>
<kw name="Get Text" library="SeleniumLibrary">
<var>${actual_program}</var>
<arg>id=program</arg>
<doc>Returns the text value of the element identified by ``locator``.</doc>
<msg timestamp="20240419 22:47:24.592" level="INFO">${actual_program} = None</msg>
<status status="PASS" starttime="20240419 22:47:24.568" endtime="20240419 22:47:24.592"/>
</kw>
<kw name="Should Be Equal" library="BuiltIn">
<arg>${actual_program}</arg>
<arg>${program}</arg>
<doc>Fails if the given objects are unequal.</doc>
<status status="PASS" starttime="20240419 22:47:24.592" endtime="20240419 22:47:24.592"/>
</kw>
<kw name="Get Text" library="SeleniumLibrary">
<var>${actual_date}</var>
<arg>id=visit_date</arg>
<doc>Returns the text value of the element identified by ``locator``.</doc>
<msg timestamp="20240419 22:47:24.617" level="INFO">${actual_date} = 30/04/2024</msg>
<status status="PASS" starttime="20240419 22:47:24.592" endtime="20240419 22:47:24.617"/>
</kw>
<kw name="Should Be Equal" library="BuiltIn">
<arg>${actual_date}</arg>
<arg>${date}</arg>
<doc>Fails if the given objects are unequal.</doc>
<status status="PASS" starttime="20240419 22:47:24.618" endtime="20240419 22:47:24.618"/>
</kw>
<kw name="Get Text" library="SeleniumLibrary">
<var>${actual_comment}</var>
<arg>id=comment</arg>
<doc>Returns the text value of the element identified by ``locator``.</doc>
<msg timestamp="20240419 22:47:24.645" level="INFO">${actual_comment} = This is a comment</msg>
<status status="PASS" starttime="20240419 22:47:24.618" endtime="20240419 22:47:24.645"/>
</kw>
<kw name="Should Be Equal" library="BuiltIn">
<arg>${actual_comment}</arg>
<arg>${comment}</arg>
<doc>Fails if the given objects are unequal.</doc>
<status status="PASS" starttime="20240419 22:47:24.645" endtime="20240419 22:47:24.647"/>
</kw>
<status status="PASS" starttime="20240419 22:47:24.510" endtime="20240419 22:47:24.647"/>
</kw>
<kw name="Sleep" library="BuiltIn">
<arg>3</arg>
<doc>Pauses the test executed for the given time.</doc>
<msg timestamp="20240419 22:47:27.657" level="INFO">Slept 3 seconds</msg>
<status status="PASS" starttime="20240419 22:47:24.649" endtime="20240419 22:47:27.657"/>
</kw>
<kw name="Close Browser" library="SeleniumLibrary">
<doc>Closes the current browser.</doc>
<status status="PASS" starttime="20240419 22:47:27.658" endtime="20240419 22:47:29.878"/>
</kw>
<doc>Fill in all information except check box</doc>
<status status="PASS" starttime="20240419 22:46:31.234" endtime="20240419 22:47:29.879"/>
</test>
<test id="s1-t4" name="Testcase 04" line="65">
<kw name="Open Browser and login" library="resources">
<kw name="Open Browser To Katalon Demo CURA" library="resources">
<kw name="Open Browser" library="SeleniumLibrary">
<arg>${URL}</arg>
<arg>${BROWSER}</arg>
<doc>Opens a new browser instance to the optional ``url``.</doc>
<msg timestamp="20240419 22:47:29.885" level="INFO">Opening browser 'chrome' to base url 'https://katalon-demo-cura.herokuapp.com/'.</msg>
<status status="PASS" starttime="20240419 22:47:29.885" endtime="20240419 22:48:03.365"/>
</kw>
<kw name="Maximize Browser Window" library="SeleniumLibrary">
<doc>Maximizes current browser window.</doc>
<status status="PASS" starttime="20240419 22:48:03.365" endtime="20240419 22:48:03.481"/>
</kw>
<status status="PASS" starttime="20240419 22:47:29.883" endtime="20240419 22:48:03.482"/>
</kw>
<kw name="Click Element" library="SeleniumLibrary">
<arg>xpath://*[@id="menu-toggle"]</arg>
<doc>Click the element identified by ``locator``.</doc>
<msg timestamp="20240419 22:48:03.483" level="INFO">Clicking element 'xpath://*[@id="menu-toggle"]'.</msg>
<status status="PASS" starttime="20240419 22:48:03.482" endtime="20240419 22:48:03.553"/>
</kw>
<kw name="Sleep" library="BuiltIn">
<arg>2</arg>
<doc>Pauses the test executed for the given time.</doc>
<msg timestamp="20240419 22:48:05.559" level="INFO">Slept 2 seconds</msg>
<status status="PASS" starttime="20240419 22:48:03.553" endtime="20240419 22:48:05.559"/>
</kw>
<kw name="Click Element" library="SeleniumLibrary">
<arg>xpath://*[@id="sidebar-wrapper"]/ul/li[3]/a</arg>
<doc>Click the element identified by ``locator``.</doc>
<msg timestamp="20240419 22:48:05.560" level="INFO">Clicking element 'xpath://*[@id="sidebar-wrapper"]/ul/li[3]/a'.</msg>
<status status="PASS" starttime="20240419 22:48:05.559" endtime="20240419 22:48:06.531"/>
</kw>
<kw name="Wait Until Element Is Visible" library="SeleniumLibrary">
<arg>xpath://*[@id="login"]/div/div/div[2]/form/div[1]</arg>
<doc>Waits until the element ``locator`` is visible.</doc>
<status status="PASS" starttime="20240419 22:48:06.531" endtime="20240419 22:48:06.549"/>
</kw>
<kw name="Input Text" library="SeleniumLibrary">
<arg>id=txt-username</arg>
<arg>John Doe</arg>
<doc>Types the given ``text`` into the text field identified by ``locator``.</doc>
<msg timestamp="20240419 22:48:06.549" level="INFO">Typing text 'John Doe' into text field 'id=txt-username'.</msg>
<status status="PASS" starttime="20240419 22:48:06.549" endtime="20240419 22:48:06.627"/>
</kw>
<kw name="Input Text" library="SeleniumLibrary">
<arg>id=txt-password</arg>
<arg>ThisIsNotAPassword</arg>
<doc>Types the given ``text`` into the text field identified by ``locator``.</doc>
<msg timestamp="20240419 22:48:06.628" level="INFO">Typing text 'ThisIsNotAPassword' into text field 'id=txt-password'.</msg>
<status status="PASS" starttime="20240419 22:48:06.627" endtime="20240419 22:48:06.737"/>
</kw>
<kw name="Click Button" library="SeleniumLibrary">
<arg>id=btn-login</arg>
<doc>Clicks the button identified by ``locator``.</doc>
<msg timestamp="20240419 22:48:06.738" level="INFO">Clicking button 'id=btn-login'.</msg>
<status status="PASS" starttime="20240419 22:48:06.737" endtime="20240419 22:48:07.604"/>
</kw>
<status status="PASS" starttime="20240419 22:47:29.883" endtime="20240419 22:48:07.604"/>
</kw>
<kw name="Set Variable" library="BuiltIn">
<var>${facility}</var>
<arg>Tokyo CURA Healthcare Center</arg>
<doc>Returns the given values which can then be assigned to a variables.</doc>
<msg timestamp="20240419 22:48:07.605" level="INFO">${facility} = Tokyo CURA Healthcare Center</msg>
<status status="PASS" starttime="20240419 22:48:07.605" endtime="20240419 22:48:07.605"/>
</kw>
<kw name="Select From List By Value" library="SeleniumLibrary">
<arg>xpath://*[@id="combo_facility"]</arg>
<arg>${facility}</arg>
<doc>Selects options from selection list ``locator`` by ``values``.</doc>
<msg timestamp="20240419 22:48:07.606" level="INFO">Selecting options from selection list 'xpath://*[@id="combo_facility"]' by value Tokyo CURA Healthcare Center.</msg>
<status status="PASS" starttime="20240419 22:48:07.605" endtime="20240419 22:48:07.680"/>
</kw>
<kw name="Select Checkbox" library="SeleniumLibrary">
<arg>xpath://*[@id="chk_hospotal_readmission"]</arg>
<doc>Selects the checkbox identified by ``locator``.</doc>
<msg timestamp="20240419 22:48:07.682" level="INFO">Selecting checkbox 'xpath://*[@id="chk_hospotal_readmission"]'.</msg>
<status status="PASS" starttime="20240419 22:48:07.681" endtime="20240419 22:48:07.735"/>
</kw>
<kw name="Run Keyword And Return Status" library="BuiltIn">
<var>${checkbox_status}</var>
<arg>Checkbox Should Be Selected</arg>
<arg>id:chk_hospotal_readmission</arg>
<doc>Runs the given keyword with given arguments and returns the status as a Boolean value.</doc>
<kw name="Checkbox Should Be Selected" library="SeleniumLibrary">
<arg>id:chk_hospotal_readmission</arg>
<doc>Verifies checkbox ``locator`` is selected/checked.</doc>
<msg timestamp="20240419 22:48:07.736" level="INFO">Verifying checkbox 'id:chk_hospotal_readmission' is selected.</msg>
<status status="PASS" starttime="20240419 22:48:07.736" endtime="20240419 22:48:07.757"/>
</kw>
<msg timestamp="20240419 22:48:07.757" level="INFO">${checkbox_status} = True</msg>
<status status="PASS" starttime="20240419 22:48:07.735" endtime="20240419 22:48:07.757"/>
</kw>
<kw name="Set Variable If" library="BuiltIn">
<var>${checkbox}</var>
<arg>${checkbox_status}</arg>
<arg>Yes</arg>
<arg>ELSE</arg>
<arg>No</arg>
<doc>Sets variable based on the given condition.</doc>
<msg timestamp="20240419 22:48:07.757" level="INFO">${checkbox} = Yes</msg>
<status status="PASS" starttime="20240419 22:48:07.757" endtime="20240419 22:48:07.757"/>
</kw>
<kw name="Set Variable" library="BuiltIn">
<var>${program}</var>
<arg>Medicaid</arg>
<doc>Returns the given values which can then be assigned to a variables.</doc>
<msg timestamp="20240419 22:48:07.758" level="INFO">${program} = Medicaid</msg>
<status status="PASS" starttime="20240419 22:48:07.757" endtime="20240419 22:48:07.758"/>
</kw>
<kw name="Select Radio Button" library="SeleniumLibrary">
<arg>programs</arg>
<arg>${program}</arg>
<doc>Sets the radio button group ``group_name`` to ``value``.</doc>
<msg timestamp="20240419 22:48:07.758" level="INFO">Selecting 'Medicaid' from radio button 'programs'.</msg>
<status status="PASS" starttime="20240419 22:48:07.758" endtime="20240419 22:48:07.795"/>
</kw>
<kw name="Click Element" library="SeleniumLibrary">
<arg>xpath://*[@id="txt_visit_date"]</arg>
<doc>Click the element identified by ``locator``.</doc>
<msg timestamp="20240419 22:48:07.796" level="INFO">Clicking element 'xpath://*[@id="txt_visit_date"]'.</msg>
<status status="PASS" starttime="20240419 22:48:07.795" endtime="20240419 22:48:07.863"/>
</kw>
<kw name="Input Text" library="SeleniumLibrary">
<arg>xpath://*[@id="txt_visit_date"]</arg>
<arg>XXX-YYY-ZZZ</arg>
<doc>Types the given ``text`` into the text field identified by ``locator``.</doc>
<msg timestamp="20240419 22:48:07.866" level="INFO">Typing text 'XXX-YYY-ZZZ' into text field 'xpath://*[@id="txt_visit_date"]'.</msg>
<status status="PASS" starttime="20240419 22:48:07.864" endtime="20240419 22:48:07.973"/>
</kw>
<kw name="Set Variable" library="BuiltIn">
<var>${comment}</var>
<arg>This is a comment</arg>
<doc>Returns the given values which can then be assigned to a variables.</doc>
<msg timestamp="20240419 22:48:07.974" level="INFO">${comment} = This is a comment</msg>
<status status="PASS" starttime="20240419 22:48:07.973" endtime="20240419 22:48:07.974"/>
</kw>
<kw name="Input Text" library="SeleniumLibrary">
<arg>id:txt_comment</arg>
<arg>${comment}</arg>
<doc>Types the given ``text`` into the text field identified by ``locator``.</doc>
<msg timestamp="20240419 22:48:07.977" level="INFO">Typing text 'This is a comment' into text field 'id:txt_comment'.</msg>
<status status="PASS" starttime="20240419 22:48:07.974" endtime="20240419 22:48:08.037"/>
</kw>
<kw name="Click Element" library="SeleniumLibrary">
<arg>id:btn-book-appointment</arg>
<doc>Click the element identified by ``locator``.</doc>
<msg timestamp="20240419 22:48:08.038" level="INFO">Clicking element 'id:btn-book-appointment'.</msg>
<status status="PASS" starttime="20240419 22:48:08.038" endtime="20240419 22:48:08.632"/>
</kw>
<kw name="Sleep" library="BuiltIn">
<arg>3</arg>
<doc>Pauses the test executed for the given time.</doc>
<msg timestamp="20240419 22:48:11.644" level="INFO">Slept 3 seconds</msg>
<status status="PASS" starttime="20240419 22:48:08.633" endtime="20240419 22:48:11.644"/>
</kw>
<kw name="Get Current Date" library="DateTime">
<var>${current_date}</var>
<arg>result_format=%d/%m/%Y</arg>
<doc>Returns current local or UTC time with an optional increment.</doc>
<msg timestamp="20240419 22:48:11.647" level="INFO">${current_date} = 19/04/2024</msg>
<status status="PASS" starttime="20240419 22:48:11.646" endtime="20240419 22:48:11.647"/>
</kw>
<kw name="Wait Until Element Is Visible" library="SeleniumLibrary">
<arg>xpath://*[@id="summary"]/div/div/div[1]/h2</arg>
<doc>Waits until the element ``locator`` is visible.</doc>
<status status="PASS" starttime="20240419 22:48:11.648" endtime="20240419 22:48:11.680"/>
</kw>
<kw name="Verify the URL" library="resources">
<arg>https://katalon-demo-cura.herokuapp.com/appointment.php#summary</arg>
<kw name="Get Location" library="SeleniumLibrary">
<var>${current_url}</var>
<doc>Returns the current browser window URL.</doc>
<msg timestamp="20240419 22:48:11.691" level="INFO">${current_url} = https://katalon-demo-cura.herokuapp.com/appointment.php#summary</msg>
<status status="PASS" starttime="20240419 22:48:11.681" endtime="20240419 22:48:11.691"/>
</kw>
<kw name="Should Be Equal As Strings" library="BuiltIn">
<arg>${current_url}</arg>
<arg>${URL}</arg>
<doc>Fails if objects are unequal after converting them to strings.</doc>
<status status="PASS" starttime="20240419 22:48:11.691" endtime="20240419 22:48:11.692"/>
</kw>
<status status="PASS" starttime="20240419 22:48:11.681" endtime="20240419 22:48:11.692"/>
</kw>
<kw name="Verify information of booking" library="resources">
<arg>${facility}</arg>
<arg>${checkbox}</arg>
<arg>${program}</arg>
<arg>${current_date}</arg>
<arg>${comment}</arg>
<kw name="Get Text" library="SeleniumLibrary">
<var>${actual_facility}</var>
<arg>id=facility</arg>
<doc>Returns the text value of the element identified by ``locator``.</doc>
<msg timestamp="20240419 22:48:11.721" level="INFO">${actual_facility} = Tokyo CURA Healthcare Center</msg>
<status status="PASS" starttime="20240419 22:48:11.693" endtime="20240419 22:48:11.721"/>
</kw>
<kw name="Should Be Equal" library="BuiltIn">
<arg>${actual_facility}</arg>
<arg>${facility}</arg>
<doc>Fails if the given objects are unequal.</doc>
<status status="PASS" starttime="20240419 22:48:11.721" endtime="20240419 22:48:11.721"/>
</kw>
<kw name="Get Text" library="SeleniumLibrary">
<var>${actual_checkbox}</var>
<arg>id=hospital_readmission</arg>
<doc>Returns the text value of the element identified by ``locator``.</doc>
<msg timestamp="20240419 22:48:11.745" level="INFO">${actual_checkbox} = Yes</msg>
<status status="PASS" starttime="20240419 22:48:11.721" endtime="20240419 22:48:11.745"/>
</kw>
<kw name="Should Be Equal" library="BuiltIn">
<arg>${actual_checkbox}</arg>
<arg>${checkbox}</arg>
<doc>Fails if the given objects are unequal.</doc>
<status status="PASS" starttime="20240419 22:48:11.745" endtime="20240419 22:48:11.746"/>
</kw>
<kw name="Get Text" library="SeleniumLibrary">
<var>${actual_program}</var>
<arg>id=program</arg>
<doc>Returns the text value of the element identified by ``locator``.</doc>
<msg timestamp="20240419 22:48:11.767" level="INFO">${actual_program} = Medicaid</msg>
<status status="PASS" starttime="20240419 22:48:11.746" endtime="20240419 22:48:11.767"/>
</kw>
<kw name="Should Be Equal" library="BuiltIn">
<arg>${actual_program}</arg>
<arg>${program}</arg>
<doc>Fails if the given objects are unequal.</doc>
<status status="PASS" starttime="20240419 22:48:11.767" endtime="20240419 22:48:11.768"/>
</kw>
<kw name="Get Text" library="SeleniumLibrary">
<var>${actual_date}</var>
<arg>id=visit_date</arg>
<doc>Returns the text value of the element identified by ``locator``.</doc>
<msg timestamp="20240419 22:48:11.790" level="INFO">${actual_date} = 19/04/2024</msg>
<status status="PASS" starttime="20240419 22:48:11.768" endtime="20240419 22:48:11.790"/>
</kw>
<kw name="Should Be Equal" library="BuiltIn">
<arg>${actual_date}</arg>
<arg>${date}</arg>
<doc>Fails if the given objects are unequal.</doc>
<status status="PASS" starttime="20240419 22:48:11.790" endtime="20240419 22:48:11.791"/>
</kw>
<kw name="Get Text" library="SeleniumLibrary">
<var>${actual_comment}</var>
<arg>id=comment</arg>
<doc>Returns the text value of the element identified by ``locator``.</doc>
<msg timestamp="20240419 22:48:11.813" level="INFO">${actual_comment} = This is a comment</msg>
<status status="PASS" starttime="20240419 22:48:11.791" endtime="20240419 22:48:11.813"/>
</kw>
<kw name="Should Be Equal" library="BuiltIn">
<arg>${actual_comment}</arg>
<arg>${comment}</arg>
<doc>Fails if the given objects are unequal.</doc>
<status status="PASS" starttime="20240419 22:48:11.813" endtime="20240419 22:48:11.813"/>
</kw>
<status status="PASS" starttime="20240419 22:48:11.692" endtime="20240419 22:48:11.813"/>
</kw>
<kw name="Sleep" library="BuiltIn">
<arg>3</arg>
<doc>Pauses the test executed for the given time.</doc>
<msg timestamp="20240419 22:48:14.824" level="INFO">Slept 3 seconds</msg>
<status status="PASS" starttime="20240419 22:48:11.814" endtime="20240419 22:48:14.824"/>
</kw>
<kw name="Close Browser" library="SeleniumLibrary">
<doc>Closes the current browser.</doc>
<status status="PASS" starttime="20240419 22:48:14.825" endtime="20240419 22:48:17.035"/>
</kw>
<doc>In the date field, enter the date using text</doc>
<status status="PASS" starttime="20240419 22:47:29.883" endtime="20240419 22:48:17.037"/>
</test>
<test id="s1-t5" name="Testcase 05" line="89">
<kw name="Open Browser and login" library="resources">
<kw name="Open Browser To Katalon Demo CURA" library="resources">
<kw name="Open Browser" library="SeleniumLibrary">
<arg>${URL}</arg>
<arg>${BROWSER}</arg>
<doc>Opens a new browser instance to the optional ``url``.</doc>
<msg timestamp="20240419 22:48:17.043" level="INFO">Opening browser 'chrome' to base url 'https://katalon-demo-cura.herokuapp.com/'.</msg>
<status status="PASS" starttime="20240419 22:48:17.042" endtime="20240419 22:48:46.355"/>
</kw>
<kw name="Maximize Browser Window" library="SeleniumLibrary">
<doc>Maximizes current browser window.</doc>
<status status="PASS" starttime="20240419 22:48:46.355" endtime="20240419 22:48:46.474"/>
</kw>
<status status="PASS" starttime="20240419 22:48:17.041" endtime="20240419 22:48:46.474"/>
</kw>
<kw name="Click Element" library="SeleniumLibrary">
<arg>xpath://*[@id="menu-toggle"]</arg>
<doc>Click the element identified by ``locator``.</doc>
<msg timestamp="20240419 22:48:46.475" level="INFO">Clicking element 'xpath://*[@id="menu-toggle"]'.</msg>
<status status="PASS" starttime="20240419 22:48:46.474" endtime="20240419 22:48:46.568"/>
</kw>
<kw name="Sleep" library="BuiltIn">
<arg>2</arg>
<doc>Pauses the test executed for the given time.</doc>
<msg timestamp="20240419 22:48:48.570" level="INFO">Slept 2 seconds</msg>
<status status="PASS" starttime="20240419 22:48:46.568" endtime="20240419 22:48:48.570"/>
</kw>
<kw name="Click Element" library="SeleniumLibrary">
<arg>xpath://*[@id="sidebar-wrapper"]/ul/li[3]/a</arg>
<doc>Click the element identified by ``locator``.</doc>
<msg timestamp="20240419 22:48:48.570" level="INFO">Clicking element 'xpath://*[@id="sidebar-wrapper"]/ul/li[3]/a'.</msg>
<status status="PASS" starttime="20240419 22:48:48.570" endtime="20240419 22:48:50.001"/>
</kw>
<kw name="Wait Until Element Is Visible" library="SeleniumLibrary">
<arg>xpath://*[@id="login"]/div/div/div[2]/form/div[1]</arg>
<doc>Waits until the element ``locator`` is visible.</doc>
<status status="PASS" starttime="20240419 22:48:50.002" endtime="20240419 22:48:50.036"/>
</kw>
<kw name="Input Text" library="SeleniumLibrary">
<arg>id=txt-username</arg>
<arg>John Doe</arg>
<doc>Types the given ``text`` into the text field identified by ``locator``.</doc>
<msg timestamp="20240419 22:48:50.036" level="INFO">Typing text 'John Doe' into text field 'id=txt-username'.</msg>
<status status="PASS" starttime="20240419 22:48:50.036" endtime="20240419 22:48:50.117"/>
</kw>
<kw name="Input Text" library="SeleniumLibrary">
<arg>id=txt-password</arg>
<arg>ThisIsNotAPassword</arg>
<doc>Types the given ``text`` into the text field identified by ``locator``.</doc>
<msg timestamp="20240419 22:48:50.117" level="INFO">Typing text 'ThisIsNotAPassword' into text field 'id=txt-password'.</msg>
<status status="PASS" starttime="20240419 22:48:50.117" endtime="20240419 22:48:50.175"/>
</kw>
<kw name="Click Button" library="SeleniumLibrary">
<arg>id=btn-login</arg>
<doc>Clicks the button identified by ``locator``.</doc>
<msg timestamp="20240419 22:48:50.175" level="INFO">Clicking button 'id=btn-login'.</msg>
<status status="PASS" starttime="20240419 22:48:50.175" endtime="20240419 22:48:51.044"/>
</kw>
<status status="PASS" starttime="20240419 22:48:17.040" endtime="20240419 22:48:51.044"/>
</kw>
<kw name="Set Variable" library="BuiltIn">
<var>${facility}</var>
<arg>Tokyo CURA Healthcare Center</arg>
<doc>Returns the given values which can then be assigned to a variables.</doc>
<msg timestamp="20240419 22:48:51.045" level="INFO">${facility} = Tokyo CURA Healthcare Center</msg>
<status status="PASS" starttime="20240419 22:48:51.045" endtime="20240419 22:48:51.045"/>
</kw>
<kw name="Select From List By Value" library="SeleniumLibrary">
<arg>xpath://*[@id="combo_facility"]</arg>
<arg>${facility}</arg>
<doc>Selects options from selection list ``locator`` by ``values``.</doc>
<msg timestamp="20240419 22:48:51.045" level="INFO">Selecting options from selection list 'xpath://*[@id="combo_facility"]' by value Tokyo CURA Healthcare Center.</msg>
<status status="PASS" starttime="20240419 22:48:51.045" endtime="20240419 22:48:51.115"/>
</kw>
<kw name="Select Checkbox" library="SeleniumLibrary">
<arg>xpath://*[@id="chk_hospotal_readmission"]</arg>
<doc>Selects the checkbox identified by ``locator``.</doc>
<msg timestamp="20240419 22:48:51.116" level="INFO">Selecting checkbox 'xpath://*[@id="chk_hospotal_readmission"]'.</msg>
<status status="PASS" starttime="20240419 22:48:51.115" endtime="20240419 22:48:51.180"/>
</kw>
<kw name="Run Keyword And Return Status" library="BuiltIn">
<var>${checkbox_status}</var>
<arg>Checkbox Should Be Selected</arg>
<arg>id:chk_hospotal_readmission</arg>
<doc>Runs the given keyword with given arguments and returns the status as a Boolean value.</doc>
<kw name="Checkbox Should Be Selected" library="SeleniumLibrary">
<arg>id:chk_hospotal_readmission</arg>
<doc>Verifies checkbox ``locator`` is selected/checked.</doc>
<msg timestamp="20240419 22:48:51.180" level="INFO">Verifying checkbox 'id:chk_hospotal_readmission' is selected.</msg>
<status status="PASS" starttime="20240419 22:48:51.180" endtime="20240419 22:48:51.203"/>
</kw>
<msg timestamp="20240419 22:48:51.203" level="INFO">${checkbox_status} = True</msg>
<status status="PASS" starttime="20240419 22:48:51.180" endtime="20240419 22:48:51.203"/>
</kw>
<kw name="Set Variable If" library="BuiltIn">
<var>${checkbox}</var>
<arg>${checkbox_status}</arg>
<arg>Yes</arg>
<arg>ELSE</arg>
<arg>No</arg>
<doc>Sets variable based on the given condition.</doc>
<msg timestamp="20240419 22:48:51.203" level="INFO">${checkbox} = Yes</msg>
<status status="PASS" starttime="20240419 22:48:51.203" endtime="20240419 22:48:51.203"/>
</kw>
<kw name="Set Variable" library="BuiltIn">
<var>${program}</var>
<arg>Medicaid</arg>
<doc>Returns the given values which can then be assigned to a variables.</doc>
<msg timestamp="20240419 22:48:51.204" level="INFO">${program} = Medicaid</msg>
<status status="PASS" starttime="20240419 22:48:51.203" endtime="20240419 22:48:51.204"/>
</kw>
<kw name="Select Radio Button" library="SeleniumLibrary">
<arg>programs</arg>
<arg>${program}</arg>
<doc>Sets the radio button group ``group_name`` to ``value``.</doc>
<msg timestamp="20240419 22:48:51.204" level="INFO">Selecting 'Medicaid' from radio button 'programs'.</msg>
<status status="PASS" starttime="20240419 22:48:51.204" endtime="20240419 22:48:51.241"/>
</kw>
<kw name="Click Element" library="SeleniumLibrary">
<arg>xpath://*[@id="txt_visit_date"]</arg>
<doc>Click the element identified by ``locator``.</doc>
<msg timestamp="20240419 22:48:51.242" level="INFO">Clicking element 'xpath://*[@id="txt_visit_date"]'.</msg>
<status status="PASS" starttime="20240419 22:48:51.242" endtime="20240419 22:48:51.309"/>
</kw>
<kw name="Set Variable" library="BuiltIn">
<var>${date}</var>
<arg>12/12/2012</arg>
<doc>Returns the given values which can then be assigned to a variables.</doc>
<msg timestamp="20240419 22:48:51.312" level="INFO">${date} = 12/12/2012</msg>
<status status="PASS" starttime="20240419 22:48:51.311" endtime="20240419 22:48:51.312"/>
</kw>
<kw name="Input Text" library="SeleniumLibrary">
<arg>xpath://*[@id="txt_visit_date"]</arg>
<arg>${date}</arg>
<doc>Types the given ``text`` into the text field identified by ``locator``.</doc>
<msg timestamp="20240419 22:48:51.314" level="INFO">Typing text '12/12/2012' into text field 'xpath://*[@id="txt_visit_date"]'.</msg>
<status status="PASS" starttime="20240419 22:48:51.314" endtime="20240419 22:48:51.402"/>
</kw>
<kw name="Set Variable" library="BuiltIn">
<var>${comment}</var>
<arg>This is a comment</arg>
<doc>Returns the given values which can then be assigned to a variables.</doc>
<msg timestamp="20240419 22:48:51.402" level="INFO">${comment} = This is a comment</msg>
<status status="PASS" starttime="20240419 22:48:51.402" endtime="20240419 22:48:51.402"/>
</kw>
<kw name="Input Text" library="SeleniumLibrary">
<arg>id:txt_comment</arg>
<arg>${comment}</arg>
<doc>Types the given ``text`` into the text field identified by ``locator``.</doc>
<msg timestamp="20240419 22:48:51.403" level="INFO">Typing text 'This is a comment' into text field 'id:txt_comment'.</msg>
<status status="PASS" starttime="20240419 22:48:51.403" endtime="20240419 22:48:51.465"/>
</kw>
<kw name="Click Element" library="SeleniumLibrary">
<arg>id:btn-book-appointment</arg>
<doc>Click the element identified by ``locator``.</doc>
<msg timestamp="20240419 22:48:51.465" level="INFO">Clicking element 'id:btn-book-appointment'.</msg>
<status status="PASS" starttime="20240419 22:48:51.465" endtime="20240419 22:48:52.315"/>
</kw>
<kw name="Wait Until Element Is Visible" library="SeleniumLibrary">
<arg>xpath://*[@id="summary"]/div/div/div[1]/h2</arg>
<doc>Waits until the element ``locator`` is visible.</doc>
<status status="PASS" starttime="20240419 22:48:52.315" endtime="20240419 22:48:52.353"/>
</kw>
<kw name="Verify the URL" library="resources">
<arg>https://katalon-demo-cura.herokuapp.com/appointment.php#summary</arg>
<kw name="Get Location" library="SeleniumLibrary">
<var>${current_url}</var>
<doc>Returns the current browser window URL.</doc>
<msg timestamp="20240419 22:48:52.369" level="INFO">${current_url} = https://katalon-demo-cura.herokuapp.com/appointment.php#summary</msg>
<status status="PASS" starttime="20240419 22:48:52.355" endtime="20240419 22:48:52.369"/>
</kw>
<kw name="Should Be Equal As Strings" library="BuiltIn">
<arg>${current_url}</arg>
<arg>${URL}</arg>
<doc>Fails if objects are unequal after converting them to strings.</doc>
<status status="PASS" starttime="20240419 22:48:52.369" endtime="20240419 22:48:52.369"/>
</kw>
<status status="PASS" starttime="20240419 22:48:52.354" endtime="20240419 22:48:52.369"/>
</kw>
<kw name="Verify information of booking" library="resources">
<arg>${facility}</arg>
<arg>${checkbox}</arg>
<arg>${program}</arg>
<arg>${date}</arg>
<arg>${comment}</arg>
<kw name="Get Text" library="SeleniumLibrary">
<var>${actual_facility}</var>
<arg>id=facility</arg>
<doc>Returns the text value of the element identified by ``locator``.</doc>
<msg timestamp="20240419 22:48:52.401" level="INFO">${actual_facility} = Tokyo CURA Healthcare Center</msg>
<status status="PASS" starttime="20240419 22:48:52.370" endtime="20240419 22:48:52.401"/>
</kw>
<kw name="Should Be Equal" library="BuiltIn">
<arg>${actual_facility}</arg>
<arg>${facility}</arg>
<doc>Fails if the given objects are unequal.</doc>
<status status="PASS" starttime="20240419 22:48:52.402" endtime="20240419 22:48:52.402"/>
</kw>
<kw name="Get Text" library="SeleniumLibrary">
<var>${actual_checkbox}</var>
<arg>id=hospital_readmission</arg>
<doc>Returns the text value of the element identified by ``locator``.</doc>
<msg timestamp="20240419 22:48:52.427" level="INFO">${actual_checkbox} = Yes</msg>
<status status="PASS" starttime="20240419 22:48:52.402" endtime="20240419 22:48:52.427"/>
</kw>
<kw name="Should Be Equal" library="BuiltIn">
<arg>${actual_checkbox}</arg>
<arg>${checkbox}</arg>
<doc>Fails if the given objects are unequal.</doc>
<status status="PASS" starttime="20240419 22:48:52.429" endtime="20240419 22:48:52.430"/>
</kw>
<kw name="Get Text" library="SeleniumLibrary">
<var>${actual_program}</var>
<arg>id=program</arg>
<doc>Returns the text value of the element identified by ``locator``.</doc>
<msg timestamp="20240419 22:48:52.457" level="INFO">${actual_program} = Medicaid</msg>
<status status="PASS" starttime="20240419 22:48:52.430" endtime="20240419 22:48:52.457"/>
</kw>
<kw name="Should Be Equal" library="BuiltIn">
<arg>${actual_program}</arg>
<arg>${program}</arg>
<doc>Fails if the given objects are unequal.</doc>
<status status="PASS" starttime="20240419 22:48:52.457" endtime="20240419 22:48:52.457"/>
</kw>
<kw name="Get Text" library="SeleniumLibrary">
<var>${actual_date}</var>
<arg>id=visit_date</arg>
<doc>Returns the text value of the element identified by ``locator``.</doc>
<msg timestamp="20240419 22:48:52.484" level="INFO">${actual_date} = 12/12/2012</msg>
<status status="PASS" starttime="20240419 22:48:52.458" endtime="20240419 22:48:52.484"/>
</kw>
<kw name="Should Be Equal" library="BuiltIn">
<arg>${actual_date}</arg>
<arg>${date}</arg>
<doc>Fails if the given objects are unequal.</doc>
<status status="PASS" starttime="20240419 22:48:52.485" endtime="20240419 22:48:52.485"/>
</kw>
<kw name="Get Text" library="SeleniumLibrary">
<var>${actual_comment}</var>
<arg>id=comment</arg>
<doc>Returns the text value of the element identified by ``locator``.</doc>
<msg timestamp="20240419 22:48:52.512" level="INFO">${actual_comment} = This is a comment</msg>
<status status="PASS" starttime="20240419 22:48:52.485" endtime="20240419 22:48:52.512"/>
</kw>
<kw name="Should Be Equal" library="BuiltIn">
<arg>${actual_comment}</arg>
<arg>${comment}</arg>
<doc>Fails if the given objects are unequal.</doc>
<status status="PASS" starttime="20240419 22:48:52.514" endtime="20240419 22:48:52.514"/>
</kw>
<status status="PASS" starttime="20240419 22:48:52.370" endtime="20240419 22:48:52.514"/>
</kw>
<kw name="Sleep" library="BuiltIn">
<arg>3</arg>
<doc>Pauses the test executed for the given time.</doc>
<msg timestamp="20240419 22:48:55.529" level="INFO">Slept 3 seconds</msg>
<status status="PASS" starttime="20240419 22:48:52.515" endtime="20240419 22:48:55.529"/>
</kw>
<kw name="Close Browser" library="SeleniumLibrary">
<doc>Closes the current browser.</doc>
<status status="PASS" starttime="20240419 22:48:55.530" endtime="20240419 22:48:57.729"/>
</kw>
<doc>In the date field, enter the date in the past</doc>
<status status="PASS" starttime="20240419 22:48:17.039" endtime="20240419 22:48:57.730"/>
</test>
<test id="s1-t6" name="Testcase 06" line="112">
<kw name="Open Browser and login" library="resources">
<kw name="Open Browser To Katalon Demo CURA" library="resources">
<kw name="Open Browser" library="SeleniumLibrary">
<arg>${URL}</arg>
<arg>${BROWSER}</arg>
<doc>Opens a new browser instance to the optional ``url``.</doc>
<msg timestamp="20240419 22:48:57.736" level="INFO">Opening browser 'chrome' to base url 'https://katalon-demo-cura.herokuapp.com/'.</msg>
<status status="PASS" starttime="20240419 22:48:57.734" endtime="20240419 22:49:24.448"/>
</kw>
<kw name="Maximize Browser Window" library="SeleniumLibrary">
<doc>Maximizes current browser window.</doc>
<status status="PASS" starttime="20240419 22:49:24.448" endtime="20240419 22:49:24.576"/>
</kw>
<status status="PASS" starttime="20240419 22:48:57.734" endtime="20240419 22:49:24.576"/>
</kw>
<kw name="Click Element" library="SeleniumLibrary">
<arg>xpath://*[@id="menu-toggle"]</arg>
<doc>Click the element identified by ``locator``.</doc>
<msg timestamp="20240419 22:49:24.577" level="INFO">Clicking element 'xpath://*[@id="menu-toggle"]'.</msg>
<status status="PASS" starttime="20240419 22:49:24.576" endtime="20240419 22:49:24.645"/>
</kw>
<kw name="Sleep" library="BuiltIn">
<arg>2</arg>
<doc>Pauses the test executed for the given time.</doc>
<msg timestamp="20240419 22:49:26.657" level="INFO">Slept 2 seconds</msg>
<status status="PASS" starttime="20240419 22:49:24.645" endtime="20240419 22:49:26.657"/>
</kw>
<kw name="Click Element" library="SeleniumLibrary">
<arg>xpath://*[@id="sidebar-wrapper"]/ul/li[3]/a</arg>
<doc>Click the element identified by ``locator``.</doc>
<msg timestamp="20240419 22:49:26.658" level="INFO">Clicking element 'xpath://*[@id="sidebar-wrapper"]/ul/li[3]/a'.</msg>
<status status="PASS" starttime="20240419 22:49:26.657" endtime="20240419 22:49:27.400"/>
</kw>
<kw name="Wait Until Element Is Visible" library="SeleniumLibrary">
<arg>xpath://*[@id="login"]/div/div/div[2]/form/div[1]</arg>
<doc>Waits until the element ``locator`` is visible.</doc>
<status status="PASS" starttime="20240419 22:49:27.400" endtime="20240419 22:49:27.425"/>
</kw>
<kw name="Input Text" library="SeleniumLibrary">
<arg>id=txt-username</arg>
<arg>John Doe</arg>
<doc>Types the given ``text`` into the text field identified by ``locator``.</doc>
<msg timestamp="20240419 22:49:27.426" level="INFO">Typing text 'John Doe' into text field 'id=txt-username'.</msg>
<status status="PASS" starttime="20240419 22:49:27.425" endtime="20240419 22:49:27.528"/>
</kw>
<kw name="Input Text" library="SeleniumLibrary">
<arg>id=txt-password</arg>
<arg>ThisIsNotAPassword</arg>
<doc>Types the given ``text`` into the text field identified by ``locator``.</doc>
<msg timestamp="20240419 22:49:27.530" level="INFO">Typing text 'ThisIsNotAPassword' into text field 'id=txt-password'.</msg>
<status status="PASS" starttime="20240419 22:49:27.528" endtime="20240419 22:49:27.613"/>
</kw>
<kw name="Click Button" library="SeleniumLibrary">
<arg>id=btn-login</arg>
<doc>Clicks the button identified by ``locator``.</doc>
<msg timestamp="20240419 22:49:27.614" level="INFO">Clicking button 'id=btn-login'.</msg>
<status status="PASS" starttime="20240419 22:49:27.613" endtime="20240419 22:49:28.482"/>
</kw>
<status status="PASS" starttime="20240419 22:48:57.733" endtime="20240419 22:49:28.483"/>
</kw>
<kw name="Set Variable" library="BuiltIn">
<var>${facility}</var>
<arg>Tokyo CURA Healthcare Center</arg>
<doc>Returns the given values which can then be assigned to a variables.</doc>
<msg timestamp="20240419 22:49:28.484" level="INFO">${facility} = Tokyo CURA Healthcare Center</msg>
<status status="PASS" starttime="20240419 22:49:28.483" endtime="20240419 22:49:28.484"/>
</kw>
<kw name="Select From List By Value" library="SeleniumLibrary">
<arg>xpath://*[@id="combo_facility"]</arg>
<arg>${facility}</arg>
<doc>Selects options from selection list ``locator`` by ``values``.</doc>
<msg timestamp="20240419 22:49:28.485" level="INFO">Selecting options from selection list 'xpath://*[@id="combo_facility"]' by value Tokyo CURA Healthcare Center.</msg>
<status status="PASS" starttime="20240419 22:49:28.484" endtime="20240419 22:49:28.557"/>
</kw>
<kw name="Select Checkbox" library="SeleniumLibrary">
<arg>xpath://*[@id="chk_hospotal_readmission"]</arg>
<doc>Selects the checkbox identified by ``locator``.</doc>
<msg timestamp="20240419 22:49:28.559" level="INFO">Selecting checkbox 'xpath://*[@id="chk_hospotal_readmission"]'.</msg>
<status status="PASS" starttime="20240419 22:49:28.558" endtime="20240419 22:49:28.622"/>
</kw>
<kw name="Run Keyword And Return Status" library="BuiltIn">
<var>${checkbox_status}</var>
<arg>Checkbox Should Be Selected</arg>
<arg>id:chk_hospotal_readmission</arg>
<doc>Runs the given keyword with given arguments and returns the status as a Boolean value.</doc>
<kw name="Checkbox Should Be Selected" library="SeleniumLibrary">
<arg>id:chk_hospotal_readmission</arg>
<doc>Verifies checkbox ``locator`` is selected/checked.</doc>
<msg timestamp="20240419 22:49:28.623" level="INFO">Verifying checkbox 'id:chk_hospotal_readmission' is selected.</msg>
<status status="PASS" starttime="20240419 22:49:28.623" endtime="20240419 22:49:28.653"/>
</kw>
<msg timestamp="20240419 22:49:28.654" level="INFO">${checkbox_status} = True</msg>
<status status="PASS" starttime="20240419 22:49:28.622" endtime="20240419 22:49:28.654"/>
</kw>
<kw name="Set Variable If" library="BuiltIn">
<var>${checkbox}</var>
<arg>${checkbox_status}</arg>
<arg>Yes</arg>
<arg>ELSE</arg>
<arg>No</arg>
<doc>Sets variable based on the given condition.</doc>
<msg timestamp="20240419 22:49:28.654" level="INFO">${checkbox} = Yes</msg>
<status status="PASS" starttime="20240419 22:49:28.654" endtime="20240419 22:49:28.654"/>
</kw>
<kw name="Set Variable" library="BuiltIn">
<var>${program}</var>
<arg>Medicaid</arg>
<doc>Returns the given values which can then be assigned to a variables.</doc>
<msg timestamp="20240419 22:49:28.655" level="INFO">${program} = Medicaid</msg>
<status status="PASS" starttime="20240419 22:49:28.655" endtime="20240419 22:49:28.655"/>
</kw>
<kw name="Select Radio Button" library="SeleniumLibrary">
<arg>programs</arg>
<arg>${program}</arg>
<doc>Sets the radio button group ``group_name`` to ``value``.</doc>
<msg timestamp="20240419 22:49:28.655" level="INFO">Selecting 'Medicaid' from radio button 'programs'.</msg>
<status status="PASS" starttime="20240419 22:49:28.655" endtime="20240419 22:49:28.723"/>
</kw>
<kw name="Click Element" library="SeleniumLibrary">
<arg>xpath://*[@id="txt_visit_date"]</arg>
<doc>Click the element identified by ``locator``.</doc>
<msg timestamp="20240419 22:49:28.724" level="INFO">Clicking element 'xpath://*[@id="txt_visit_date"]'.</msg>
<status status="PASS" starttime="20240419 22:49:28.724" endtime="20240419 22:49:28.816"/>
</kw>
<kw name="Input Text" library="SeleniumLibrary">
<arg>xpath://*[@id="txt_visit_date"]</arg>
<arg>32/04/2024</arg>
<doc>Types the given ``text`` into the text field identified by ``locator``.</doc>
<msg timestamp="20240419 22:49:28.817" level="INFO">Typing text '32/04/2024' into text field 'xpath://*[@id="txt_visit_date"]'.</msg>
<status status="PASS" starttime="20240419 22:49:28.817" endtime="20240419 22:49:28.896"/>
</kw>
<kw name="Set Variable" library="BuiltIn">
<var>${comment}</var>
<arg>This is a comment</arg>
<doc>Returns the given values which can then be assigned to a variables.</doc>
<msg timestamp="20240419 22:49:28.897" level="INFO">${comment} = This is a comment</msg>
<status status="PASS" starttime="20240419 22:49:28.896" endtime="20240419 22:49:28.897"/>
</kw>
<kw name="Input Text" library="SeleniumLibrary">
<arg>id:txt_comment</arg>
<arg>${comment}</arg>
<doc>Types the given ``text`` into the text field identified by ``locator``.</doc>
<msg timestamp="20240419 22:49:28.897" level="INFO">Typing text 'This is a comment' into text field 'id:txt_comment'.</msg>
<status status="PASS" starttime="20240419 22:49:28.897" endtime="20240419 22:49:28.965"/>
</kw>
<kw name="Click Element" library="SeleniumLibrary">
<arg>id:btn-book-appointment</arg>
<doc>Click the element identified by ``locator``.</doc>
<msg timestamp="20240419 22:49:28.966" level="INFO">Clicking element 'id:btn-book-appointment'.</msg>
<status status="PASS" starttime="20240419 22:49:28.965" endtime="20240419 22:49:30.527"/>
</kw>
<kw name="Wait Until Element Is Visible" library="SeleniumLibrary">
<arg>xpath://*[@id="summary"]/div/div/div[1]/h2</arg>
<doc>Waits until the element ``locator`` is visible.</doc>
<status status="PASS" starttime="20240419 22:49:30.528" endtime="20240419 22:49:30.561"/>
</kw>
<kw name="Verify the URL" library="resources">
<arg>https://katalon-demo-cura.herokuapp.com/appointment.php#summary</arg>
<kw name="Get Location" library="SeleniumLibrary">
<var>${current_url}</var>
<doc>Returns the current browser window URL.</doc>
<msg timestamp="20240419 22:49:30.573" level="INFO">${current_url} = https://katalon-demo-cura.herokuapp.com/appointment.php#summary</msg>
<status status="PASS" starttime="20240419 22:49:30.562" endtime="20240419 22:49:30.573"/>
</kw>
<kw name="Should Be Equal As Strings" library="BuiltIn">
<arg>${current_url}</arg>
<arg>${URL}</arg>
<doc>Fails if objects are unequal after converting them to strings.</doc>
<status status="PASS" starttime="20240419 22:49:30.573" endtime="20240419 22:49:30.573"/>
</kw>
<status status="PASS" starttime="20240419 22:49:30.561" endtime="20240419 22:49:30.573"/>
</kw>
<kw name="Verify information of booking" library="resources">
<arg>${facility}</arg>
<arg>${checkbox}</arg>
<arg>${program}</arg>
<arg>02/05/2024</arg>
<arg>${comment}</arg>
<kw name="Get Text" library="SeleniumLibrary">
<var>${actual_facility}</var>
<arg>id=facility</arg>
<doc>Returns the text value of the element identified by ``locator``.</doc>
<msg timestamp="20240419 22:49:30.606" level="INFO">${actual_facility} = Tokyo CURA Healthcare Center</msg>
<status status="PASS" starttime="20240419 22:49:30.574" endtime="20240419 22:49:30.606"/>
</kw>
<kw name="Should Be Equal" library="BuiltIn">
<arg>${actual_facility}</arg>
<arg>${facility}</arg>
<doc>Fails if the given objects are unequal.</doc>
<status status="PASS" starttime="20240419 22:49:30.606" endtime="20240419 22:49:30.606"/>
</kw>
<kw name="Get Text" library="SeleniumLibrary">
<var>${actual_checkbox}</var>
<arg>id=hospital_readmission</arg>
<doc>Returns the text value of the element identified by ``locator``.</doc>
<msg timestamp="20240419 22:49:30.636" level="INFO">${actual_checkbox} = Yes</msg>
<status status="PASS" starttime="20240419 22:49:30.606" endtime="20240419 22:49:30.636"/>
</kw>
<kw name="Should Be Equal" library="BuiltIn">
<arg>${actual_checkbox}</arg>
<arg>${checkbox}</arg>
<doc>Fails if the given objects are unequal.</doc>
<status status="PASS" starttime="20240419 22:49:30.636" endtime="20240419 22:49:30.636"/>
</kw>
<kw name="Get Text" library="SeleniumLibrary">
<var>${actual_program}</var>
<arg>id=program</arg>
<doc>Returns the text value of the element identified by ``locator``.</doc>
<msg timestamp="20240419 22:49:30.662" level="INFO">${actual_program} = Medicaid</msg>
<status status="PASS" starttime="20240419 22:49:30.636" endtime="20240419 22:49:30.662"/>
</kw>
<kw name="Should Be Equal" library="BuiltIn">
<arg>${actual_program}</arg>
<arg>${program}</arg>
<doc>Fails if the given objects are unequal.</doc>
<status status="PASS" starttime="20240419 22:49:30.662" endtime="20240419 22:49:30.662"/>
</kw>
<kw name="Get Text" library="SeleniumLibrary">
<var>${actual_date}</var>
<arg>id=visit_date</arg>
<doc>Returns the text value of the element identified by ``locator``.</doc>
<msg timestamp="20240419 22:49:30.691" level="INFO">${actual_date} = 02/05/2024</msg>
<status status="PASS" starttime="20240419 22:49:30.663" endtime="20240419 22:49:30.691"/>
</kw>
<kw name="Should Be Equal" library="BuiltIn">
<arg>${actual_date}</arg>
<arg>${date}</arg>
<doc>Fails if the given objects are unequal.</doc>
<status status="PASS" starttime="20240419 22:49:30.692" endtime="20240419 22:49:30.692"/>
</kw>
<kw name="Get Text" library="SeleniumLibrary">
<var>${actual_comment}</var>
<arg>id=comment</arg>
<doc>Returns the text value of the element identified by ``locator``.</doc>
<msg timestamp="20240419 22:49:30.717" level="INFO">${actual_comment} = This is a comment</msg>
<status status="PASS" starttime="20240419 22:49:30.692" endtime="20240419 22:49:30.717"/>
</kw>
<kw name="Should Be Equal" library="BuiltIn">
<arg>${actual_comment}</arg>
<arg>${comment}</arg>
<doc>Fails if the given objects are unequal.</doc>
<status status="PASS" starttime="20240419 22:49:30.717" endtime="20240419 22:49:30.717"/>
</kw>
<status status="PASS" starttime="20240419 22:49:30.574" endtime="20240419 22:49:30.717"/>
</kw>
<kw name="Sleep" library="BuiltIn">
<arg>3</arg>
<doc>Pauses the test executed for the given time.</doc>
<msg timestamp="20240419 22:49:33.724" level="INFO">Slept 3 seconds</msg>
<status status="PASS" starttime="20240419 22:49:30.718" endtime="20240419 22:49:33.724"/>
</kw>
<kw name="Close Browser" library="SeleniumLibrary">
<doc>Closes the current browser.</doc>
<status status="PASS" starttime="20240419 22:49:33.726" endtime="20240419 22:49:35.919"/>
</kw>
<doc>In the date field, enter an out of range date</doc>
<status status="PASS" starttime="20240419 22:48:57.732" endtime="20240419 22:49:35.920"/>
</test>
<test id="s1-t7" name="Testcase 07" line="134">
<kw name="Open Browser and login" library="resources">
<kw name="Open Browser To Katalon Demo CURA" library="resources">
<kw name="Open Browser" library="SeleniumLibrary">
<arg>${URL}</arg>
<arg>${BROWSER}</arg>
<doc>Opens a new browser instance to the optional ``url``.</doc>
<msg timestamp="20240419 22:49:35.925" level="INFO">Opening browser 'chrome' to base url 'https://katalon-demo-cura.herokuapp.com/'.</msg>
<status status="PASS" starttime="20240419 22:49:35.923" endtime="20240419 22:50:04.801"/>
</kw>
<kw name="Maximize Browser Window" library="SeleniumLibrary">
<doc>Maximizes current browser window.</doc>
<status status="PASS" starttime="20240419 22:50:04.801" endtime="20240419 22:50:04.933"/>
</kw>
<status status="PASS" starttime="20240419 22:49:35.923" endtime="20240419 22:50:04.933"/>
</kw>
<kw name="Click Element" library="SeleniumLibrary">
<arg>xpath://*[@id="menu-toggle"]</arg>
<doc>Click the element identified by ``locator``.</doc>
<msg timestamp="20240419 22:50:04.935" level="INFO">Clicking element 'xpath://*[@id="menu-toggle"]'.</msg>
<status status="PASS" starttime="20240419 22:50:04.934" endtime="20240419 22:50:04.994"/>
</kw>
<kw name="Sleep" library="BuiltIn">
<arg>2</arg>
<doc>Pauses the test executed for the given time.</doc>
<msg timestamp="20240419 22:50:07.009" level="INFO">Slept 2 seconds</msg>
<status status="PASS" starttime="20240419 22:50:04.994" endtime="20240419 22:50:07.009"/>
</kw>
<kw name="Click Element" library="SeleniumLibrary">
<arg>xpath://*[@id="sidebar-wrapper"]/ul/li[3]/a</arg>
<doc>Click the element identified by ``locator``.</doc>
[...]
<kw name="Click Element" library="SeleniumLibrary">
<arg>xpath://*[@id="txt_visit_date"]</arg>
<doc>Click the element identified by ``locator``.</doc>
<msg timestamp="20240419 22:51:54.070" level="INFO">Clicking element 'xpath://*[@id="txt_visit_date"]'.</msg>
<status status="PASS" starttime="20240419 22:51:54.069" endtime="20240419 22:51:54.156"/>
</kw>
<kw name="Click Element" library="SeleniumLibrary">
<arg>xpath:/html/body/div/div[1]/table/tbody/tr[5]/td[3]</arg>
<doc>Click the element identified by ``locator``.</doc>
<msg timestamp="20240419 22:51:54.157" level="INFO">Clicking element 'xpath:/html/body/div/div[1]/table/tbody/tr[5]/td[3]'.</msg>
<status status="PASS" starttime="20240419 22:51:54.157" endtime="20240419 22:51:54.222"/>
</kw>
<kw name="Get Value" library="SeleniumLibrary">
<var>${date}</var>
<arg>xpath://*[@id="txt_visit_date"]</arg>
<doc>Returns the value attribute of the element identified by ``locator``.</doc>
<msg timestamp="20240419 22:51:54.250" level="INFO">${date} = 30/04/2024</msg>
<status status="PASS" starttime="20240419 22:51:54.224" endtime="20240419 22:51:54.250"/>
</kw>
<kw name="Click Element" library="SeleniumLibrary">
<arg>id:btn-book-appointment</arg>
<doc>Click the element identified by ``locator``.</doc>
<msg timestamp="20240419 22:51:54.251" level="INFO">Clicking element 'id:btn-book-appointment'.</msg>
<status status="PASS" starttime="20240419 22:51:54.251" endtime="20240419 22:51:54.630"/>
</kw>
<kw name="Wait Until Element Is Visible" library="SeleniumLibrary">
<arg>xpath://*[@id="summary"]/div/div/div[1]/h2</arg>
<doc>Waits until the element ``locator`` is visible.</doc>
<status status="PASS" starttime="20240419 22:51:54.632" endtime="20240419 22:51:54.672"/>
</kw>
<kw name="Verify the URL" library="resources">
<arg>https://katalon-demo-cura.herokuapp.com/appointment.php#summary</arg>
<kw name="Get Location" library="SeleniumLibrary">
<var>${current_url}</var>
<doc>Returns the current browser window URL.</doc>
<msg timestamp="20240419 22:51:54.687" level="INFO">${current_url} = https://katalon-demo-cura.herokuapp.com/appointment.php#summary</msg>
<status status="PASS" starttime="20240419 22:51:54.673" endtime="20240419 22:51:54.687"/>
</kw>
<kw name="Should Be Equal As Strings" library="BuiltIn">
<arg>${current_url}</arg>
<arg>${URL}</arg>
<doc>Fails if objects are unequal after converting them to strings.</doc>
<status status="PASS" starttime="20240419 22:51:54.687" endtime="20240419 22:51:54.688"/>
</kw>
<status status="PASS" starttime="20240419 22:51:54.673" endtime="20240419 22:51:54.688"/>
</kw>
<kw name="Verify information of booking" library="resources">
<arg>${facility}</arg>
<arg>${checkbox}</arg>
<arg>${program}</arg>
<arg>${date}</arg>
<arg>${EMPTY}</arg>
<kw name="Get Text" library="SeleniumLibrary">
<var>${actual_facility}</var>
<arg>id=facility</arg>
<doc>Returns the text value of the element identified by ``locator``.</doc>
<msg timestamp="20240419 22:51:54.762" level="INFO">${actual_facility} = Tokyo CURA Healthcare Center</msg>
<status status="PASS" starttime="20240419 22:51:54.690" endtime="20240419 22:51:54.763"/>
</kw>
<kw name="Should Be Equal" library="BuiltIn">
<arg>${actual_facility}</arg>
<arg>${facility}</arg>
<doc>Fails if the given objects are unequal.</doc>
<status status="PASS" starttime="20240419 22:51:54.763" endtime="20240419 22:51:54.766"/>
</kw>
<kw name="Get Text" library="SeleniumLibrary">
<var>${actual_checkbox}</var>
<arg>id=hospital_readmission</arg>
<doc>Returns the text value of the element identified by ``locator``.</doc>
<msg timestamp="20240419 22:51:54.804" level="INFO">${actual_checkbox} = Yes</msg>
<status status="PASS" starttime="20240419 22:51:54.766" endtime="20240419 22:51:54.804"/>
</kw>
<kw name="Should Be Equal" library="BuiltIn">
<arg>${actual_checkbox}</arg>
<arg>${checkbox}</arg>
<doc>Fails if the given objects are unequal.</doc>
<status status="PASS" starttime="20240419 22:51:54.805" endtime="20240419 22:51:54.805"/>
</kw>
<kw name="Get Text" library="SeleniumLibrary">
<var>${actual_program}</var>
<arg>id=program</arg>
<doc>Returns the text value of the element identified by ``locator``.</doc>
<msg timestamp="20240419 22:51:54.834" level="INFO">${actual_program} = Medicaid</msg>
<status status="PASS" starttime="20240419 22:51:54.805" endtime="20240419 22:51:54.834"/>
</kw>
<kw name="Should Be Equal" library="BuiltIn">
<arg>${actual_program}</arg>
<arg>${program}</arg>
<doc>Fails if the given objects are unequal.</doc>
<status status="PASS" starttime="20240419 22:51:54.834" endtime="20240419 22:51:54.835"/>
</kw>
<kw name="Get Text" library="SeleniumLibrary">
<var>${actual_date}</var>
<arg>id=visit_date</arg>
<doc>Returns the text value of the element identified by ``locator``.</doc>
<msg timestamp="20240419 22:51:54.858" level="INFO">${actual_date} = 30/04/2024</msg>
<status status="PASS" starttime="20240419 22:51:54.835" endtime="20240419 22:51:54.859"/>
</kw>
<kw name="Should Be Equal" library="BuiltIn">
<arg>${actual_date}</arg>
<arg>${date}</arg>
<doc>Fails if the given objects are unequal.</doc>
<status status="PASS" starttime="20240419 22:51:54.859" endtime="20240419 22:51:54.859"/>
</kw>
<kw name="Get Text" library="SeleniumLibrary">
<var>${actual_comment}</var>
<arg>id=comment</arg>
<doc>Returns the text value of the element identified by ``locator``.</doc>
<msg timestamp="20240419 22:51:54.883" level="INFO">${actual_comment} = </msg>
<status status="PASS" starttime="20240419 22:51:54.859" endtime="20240419 22:51:54.884"/>
</kw>
<kw name="Should Be Equal" library="BuiltIn">
<arg>${actual_comment}</arg>
<arg>${comment}</arg>
<doc>Fails if the given objects are unequal.</doc>
<status status="PASS" starttime="20240419 22:51:54.884" endtime="20240419 22:51:54.884"/>
</kw>
<status status="PASS" starttime="20240419 22:51:54.689" endtime="20240419 22:51:54.884"/>
</kw>
<kw name="Sleep" library="BuiltIn">
<arg>3</arg>
<doc>Pauses the test executed for the given time.</doc>
<msg timestamp="20240419 22:51:57.890" level="INFO">Slept 3 seconds</msg>
<status status="PASS" starttime="20240419 22:51:54.885" endtime="20240419 22:51:57.890"/>
</kw>
<kw name="Close Browser" library="SeleniumLibrary">
<doc>Closes the current browser.</doc>
<status status="PASS" starttime="20240419 22:51:57.890" endtime="20240419 22:52:00.271"/>
</kw>
<doc>In the comment field, no enter the comment</doc>
<status status="PASS" starttime="20240419 22:51:44.896" endtime="20240419 22:52:00.272"/>
</test>
<test id="s1-t12" name="Testcase 12" line="243">
<kw name="Open Browser and login" library="resources">
<kw name="Open Browser To Katalon Demo CURA" library="resources">
<kw name="Open Browser" library="SeleniumLibrary">
<arg>${URL}</arg>
<arg>${BROWSER}</arg>
<doc>Opens a new browser instance to the optional ``url``.</doc>
<msg timestamp="20240419 22:52:00.275" level="INFO">Opening browser 'chrome' to base url 'https://katalon-demo-cura.herokuapp.com/'.</msg>
<status status="PASS" starttime="20240419 22:52:00.274" endtime="20240419 22:52:04.642"/>
</kw>
<kw name="Maximize Browser Window" library="SeleniumLibrary">
<doc>Maximizes current browser window.</doc>
<status status="PASS" starttime="20240419 22:52:04.642" endtime="20240419 22:52:04.771"/>
</kw>
<status status="PASS" starttime="20240419 22:52:00.274" endtime="20240419 22:52:04.771"/>
</kw>
<kw name="Click Element" library="SeleniumLibrary">
<arg>xpath://*[@id="menu-toggle"]</arg>
<doc>Click the element identified by ``locator``.</doc>
<msg timestamp="20240419 22:52:04.772" level="INFO">Clicking element 'xpath://*[@id="menu-toggle"]'.</msg>
<status status="PASS" starttime="20240419 22:52:04.771" endtime="20240419 22:52:04.839"/>
</kw>
<kw name="Sleep" library="BuiltIn">
<arg>2</arg>
<doc>Pauses the test executed for the given time.</doc>
<msg timestamp="20240419 22:52:06.855" level="INFO">Slept 2 seconds</msg>
<status status="PASS" starttime="20240419 22:52:04.839" endtime="20240419 22:52:06.855"/>
</kw>
<kw name="Click Element" library="SeleniumLibrary">
<arg>xpath://*[@id="sidebar-wrapper"]/ul/li[3]/a</arg>
<doc>Click the element identified by ``locator``.</doc>
<msg timestamp="20240419 22:52:06.856" level="INFO">Clicking element 'xpath://*[@id="sidebar-wrapper"]/ul/li[3]/a'.</msg>
<status status="PASS" starttime="20240419 22:52:06.855" endtime="20240419 22:52:07.986"/>
</kw>
<kw name="Wait Until Element Is Visible" library="SeleniumLibrary">
<arg>xpath://*[@id="login"]/div/div/div[2]/form/div[1]</arg>
<doc>Waits until the element ``locator`` is visible.</doc>
<status status="PASS" starttime="20240419 22:52:07.986" endtime="20240419 22:52:08.038"/>
</kw>
<kw name="Input Text" library="SeleniumLibrary">
<arg>id=txt-username</arg>
<arg>John Doe</arg>
<doc>Types the given ``text`` into the text field identified by ``locator``.</doc>
<msg timestamp="20240419 22:52:08.038" level="INFO">Typing text 'John Doe' into text field 'id=txt-username'.</msg>
<status status="PASS" starttime="20240419 22:52:08.038" endtime="20240419 22:52:08.170"/>
</kw>
<kw name="Input Text" library="SeleniumLibrary">
<arg>id=txt-password</arg>
<arg>ThisIsNotAPassword</arg>
<doc>Types the given ``text`` into the text field identified by ``locator``.</doc>
<msg timestamp="20240419 22:52:08.171" level="INFO">Typing text 'ThisIsNotAPassword' into text field 'id=txt-password'.</msg>
<status status="PASS" starttime="20240419 22:52:08.170" endtime="20240419 22:52:08.274"/>
</kw>
<kw name="Click Button" library="SeleniumLibrary">
<arg>id=btn-login</arg>
<doc>Clicks the button identified by ``locator``.</doc>
<msg timestamp="20240419 22:52:08.275" level="INFO">Clicking button 'id=btn-login'.</msg>
<status status="PASS" starttime="20240419 22:52:08.275" endtime="20240419 22:52:08.992"/>
</kw>
<status status="PASS" starttime="20240419 22:52:00.274" endtime="20240419 22:52:08.993"/>
</kw>
<kw name="Set Variable" library="BuiltIn">
<var>${facility}</var>
<arg>Tokyo CURA Healthcare Center</arg>
<doc>Returns the given values which can then be assigned to a variables.</doc>
<msg timestamp="20240419 22:52:08.995" level="INFO">${facility} = Tokyo CURA Healthcare Center</msg>
<status status="PASS" starttime="20240419 22:52:08.993" endtime="20240419 22:52:08.995"/>
</kw>
<kw name="Select From List By Value" library="SeleniumLibrary">
<arg>xpath://*[@id="combo_facility"]</arg>
<arg>${facility}</arg>
<doc>Selects options from selection list ``locator`` by ``values``.</doc>
<msg timestamp="20240419 22:52:08.998" level="INFO">Selecting options from selection list 'xpath://*[@id="combo_facility"]' by value Tokyo CURA Healthcare Center.</msg>
<status status="PASS" starttime="20240419 22:52:08.995" endtime="20240419 22:52:09.084"/>
</kw>
<kw name="Select Checkbox" library="SeleniumLibrary">
<arg>xpath://*[@id="chk_hospotal_readmission"]</arg>
<doc>Selects the checkbox identified by ``locator``.</doc>
<msg timestamp="20240419 22:52:09.085" level="INFO">Selecting checkbox 'xpath://*[@id="chk_hospotal_readmission"]'.</msg>
<status status="PASS" starttime="20240419 22:52:09.084" endtime="20240419 22:52:09.159"/>
</kw>
<kw name="Run Keyword And Return Status" library="BuiltIn">
<var>${checkbox_status}</var>
<arg>Checkbox Should Be Selected</arg>
<arg>id:chk_hospotal_readmission</arg>
<doc>Runs the given keyword with given arguments and returns the status as a Boolean value.</doc>
<kw name="Checkbox Should Be Selected" library="SeleniumLibrary">
<arg>id:chk_hospotal_readmission</arg>
<doc>Verifies checkbox ``locator`` is selected/checked.</doc>
<msg timestamp="20240419 22:52:09.161" level="INFO">Verifying checkbox 'id:chk_hospotal_readmission' is selected.</msg>
<status status="PASS" starttime="20240419 22:52:09.160" endtime="20240419 22:52:09.200"/>
</kw>
<msg timestamp="20240419 22:52:09.200" level="INFO">${checkbox_status} = True</msg>
<status status="PASS" starttime="20240419 22:52:09.160" endtime="20240419 22:52:09.200"/>
</kw>
<kw name="Set Variable If" library="BuiltIn">
<var>${checkbox}</var>
<arg>${checkbox_status}</arg>
<arg>Yes</arg>
<arg>ELSE</arg>
<arg>No</arg>
<doc>Sets variable based on the given condition.</doc>
<msg timestamp="20240419 22:52:09.201" level="INFO">${checkbox} = Yes</msg>
<status status="PASS" starttime="20240419 22:52:09.201" endtime="20240419 22:52:09.201"/>
</kw>
<kw name="Set Variable" library="BuiltIn">
<var>${program}</var>
<arg>Medicaid</arg>
<doc>Returns the given values which can then be assigned to a variables.</doc>
<msg timestamp="20240419 22:52:09.202" level="INFO">${program} = Medicaid</msg>
<status status="PASS" starttime="20240419 22:52:09.201" endtime="20240419 22:52:09.202"/>
</kw>
<kw name="Select Radio Button" library="SeleniumLibrary">
<arg>programs</arg>
<arg>${program}</arg>
<doc>Sets the radio button group ``group_name`` to ``value``.</doc>
<msg timestamp="20240419 22:52:09.202" level="INFO">Selecting 'Medicaid' from radio button 'programs'.</msg>
<status status="PASS" starttime="20240419 22:52:09.202" endtime="20240419 22:52:09.269"/>
</kw>
<kw name="Execute Javascript" library="SeleniumLibrary">
<arg>document.getElementById('txt_visit_date').removeAttribute('required');</arg>
<doc>Executes the given JavaScript code with possible arguments.</doc>
<msg timestamp="20240419 22:52:09.270" level="INFO">Executing JavaScript:
document.getElementById('txt_visit_date').removeAttribute('required');
Without any arguments.</msg>
<status status="PASS" starttime="20240419 22:52:09.270" endtime="20240419 22:52:09.276"/>
</kw>
<kw name="Set Variable" library="BuiltIn">
<var>${comment}</var>
<arg>This is a comment</arg>
<doc>Returns the given values which can then be assigned to a variables.</doc>
<msg timestamp="20240419 22:52:09.277" level="INFO">${comment} = This is a comment</msg>
<status status="PASS" starttime="20240419 22:52:09.277" endtime="20240419 22:52:09.277"/>
</kw>
<kw name="Input Text" library="SeleniumLibrary">
<arg>id:txt_comment</arg>
<arg>${comment}</arg>
<doc>Types the given ``text`` into the text field identified by ``locator``.</doc>
<msg timestamp="20240419 22:52:09.279" level="INFO">Typing text 'This is a comment' into text field 'id:txt_comment'.</msg>
<status status="PASS" starttime="20240419 22:52:09.277" endtime="20240419 22:52:09.402"/>
</kw>
<kw name="Click Element" library="SeleniumLibrary">
<arg>id:btn-book-appointment</arg>
<doc>Click the element identified by ``locator``.</doc>
<msg timestamp="20240419 22:52:09.404" level="INFO">Clicking element 'id:btn-book-appointment'.</msg>
<status status="PASS" starttime="20240419 22:52:09.403" endtime="20240419 22:52:09.818"/>
</kw>
<kw name="Wait Until Element Is Visible" library="SeleniumLibrary">
<arg>xpath://*[@id="summary"]/div/div/div[1]/h2</arg>
<doc>Waits until the element ``locator`` is visible.</doc>
<status status="PASS" starttime="20240419 22:52:09.818" endtime="20240419 22:52:09.872"/>
</kw>
<kw name="Verify the URL" library="resources">
<arg>https://katalon-demo-cura.herokuapp.com/appointment.php#summary</arg>
<kw name="Get Location" library="SeleniumLibrary">
<var>${current_url}</var>
<doc>Returns the current browser window URL.</doc>
<msg timestamp="20240419 22:52:09.876" level="INFO">${current_url} = https://katalon-demo-cura.herokuapp.com/appointment.php#summary</msg>
<status status="PASS" starttime="20240419 22:52:09.872" endtime="20240419 22:52:09.877"/>
</kw>
<kw name="Should Be Equal As Strings" library="BuiltIn">
<arg>${current_url}</arg>
<arg>${URL}</arg>
<doc>Fails if objects are unequal after converting them to strings.</doc>
<status status="PASS" starttime="20240419 22:52:09.877" endtime="20240419 22:52:09.878"/>
</kw>
<status status="PASS" starttime="20240419 22:52:09.872" endtime="20240419 22:52:09.878"/>
</kw>
<kw name="Verify information of booking" library="resources">
<arg>${facility}</arg>
<arg>${checkbox}</arg>
<arg>${program}</arg>
<arg>${EMPTY}</arg>
<arg>${comment}</arg>
<kw name="Get Text" library="SeleniumLibrary">
<var>${actual_facility}</var>
<arg>id=facility</arg>
<doc>Returns the text value of the element identified by ``locator``.</doc>
<msg timestamp="20240419 22:52:09.918" level="INFO">${actual_facility} = Tokyo CURA Healthcare Center</msg>
<status status="PASS" starttime="20240419 22:52:09.882" endtime="20240419 22:52:09.918"/>
</kw>
<kw name="Should Be Equal" library="BuiltIn">
<arg>${actual_facility}</arg>
<arg>${facility}</arg>
<doc>Fails if the given objects are unequal.</doc>
<status status="PASS" starttime="20240419 22:52:09.918" endtime="20240419 22:52:09.918"/>
</kw>
<kw name="Get Text" library="SeleniumLibrary">
<var>${actual_checkbox}</var>
<arg>id=hospital_readmission</arg>
<doc>Returns the text value of the element identified by ``locator``.</doc>
<msg timestamp="20240419 22:52:09.951" level="INFO">${actual_checkbox} = Yes</msg>
<status status="PASS" starttime="20240419 22:52:09.918" endtime="20240419 22:52:09.951"/>
</kw>
<kw name="Should Be Equal" library="BuiltIn">
<arg>${actual_checkbox}</arg>
<arg>${checkbox}</arg>
<doc>Fails if the given objects are unequal.</doc>
<status status="PASS" starttime="20240419 22:52:09.952" endtime="20240419 22:52:09.952"/>
</kw>
<kw name="Get Text" library="SeleniumLibrary">
<var>${actual_program}</var>
<arg>id=program</arg>
<doc>Returns the text value of the element identified by ``locator``.</doc>
<msg timestamp="20240419 22:52:09.976" level="INFO">${actual_program} = Medicaid</msg>
<status status="PASS" starttime="20240419 22:52:09.952" endtime="20240419 22:52:09.976"/>
</kw>
<kw name="Should Be Equal" library="BuiltIn">
<arg>${actual_program}</arg>
<arg>${program}</arg>
<doc>Fails if the given objects are unequal.</doc>
<status status="PASS" starttime="20240419 22:52:09.976" endtime="20240419 22:52:09.977"/>
</kw>
<kw name="Get Text" library="SeleniumLibrary">
<var>${actual_date}</var>
<arg>id=visit_date</arg>
<doc>Returns the text value of the element identified by ``locator``.</doc>
<msg timestamp="20240419 22:52:10.004" level="INFO">${actual_date} = </msg>
<status status="PASS" starttime="20240419 22:52:09.978" endtime="20240419 22:52:10.004"/>
</kw>
<kw name="Should Be Equal" library="BuiltIn">
<arg>${actual_date}</arg>
<arg>${date}</arg>
<doc>Fails if the given objects are unequal.</doc>
<status status="PASS" starttime="20240419 22:52:10.005" endtime="20240419 22:52:10.005"/>
</kw>
<kw name="Get Text" library="SeleniumLibrary">
<var>${actual_comment}</var>
<arg>id=comment</arg>
<doc>Returns the text value of the element identified by ``locator``.</doc>
<msg timestamp="20240419 22:52:10.025" level="INFO">${actual_comment} = This is a comment</msg>
<status status="PASS" starttime="20240419 22:52:10.005" endtime="20240419 22:52:10.025"/>
</kw>
<kw name="Should Be Equal" library="BuiltIn">
<arg>${actual_comment}</arg>
<arg>${comment}</arg>
<doc>Fails if the given objects are unequal.</doc>
<status status="PASS" starttime="20240419 22:52:10.025" endtime="20240419 22:52:10.025"/>
</kw>
<status status="PASS" starttime="20240419 22:52:09.880" endtime="20240419 22:52:10.025"/>
</kw>
<kw name="Sleep" library="BuiltIn">
<arg>3</arg>
<doc>Pauses the test executed for the given time.</doc>
<msg timestamp="20240419 22:52:13.042" level="INFO">Slept 3 seconds</msg>
<status status="PASS" starttime="20240419 22:52:10.026" endtime="20240419 22:52:13.042"/>
</kw>
<kw name="Close Browser" library="SeleniumLibrary">
<doc>Closes the current browser.</doc>
<status status="PASS" starttime="20240419 22:52:13.043" endtime="20240419 22:52:15.280"/>
</kw>
<doc>The case where the user intentionally opens the dev tool to remove the required attribute</doc>
<status status="PASS" starttime="20240419 22:52:00.274" endtime="20240419 22:52:15.282"/>
</test>
<status status="PASS" starttime="20240419 22:45:32.509" endtime="20240419 22:52:15.287"/>
</suite>
<statistics>
<total>
<stat pass="12" fail="0" skip="0">All Tests</stat>
</total>
<tag>
</tag>
<suite>
<stat pass="12" fail="0" skip="0" id="s1" name="Test">Test</stat>
</suite>
</statistics>
<errors>
</errors>
</robot>
