<?xml version="1.0" encoding="UTF-8"?>
<robot generator="Robot 7.0 (Python 3.12.1 on win32)" generated="2024-04-20T14:44:55.926050" rpa="false" schemaversion="5">
<suite id="s1" name="Swat Midterm" source="D:\Học tập\Class\Autotesting\Midterm\swat_midterm">
<suite id="s1-s1" name="Tests" source="D:\Học tập\Class\Autotesting\Midterm\swat_midterm\Tests">
<suite id="s1-s1-s1" name="Authentication" source="D:\Học tập\Class\Autotesting\Midterm\swat_midterm\Tests\Authentication">
<suite id="s1-s1-s1-s1" name="Login" source="D:\Học tập\Class\Autotesting\Midterm\swat_midterm\Tests\Authentication\login.robot">
<test id="s1-s1-s1-s1-t1" name="TC2:" line="19">
<kw name="Open Browser And Go To Login" owner="resources">
<kw name="Open Browser To Katalon Demo CURA" owner="resources">
<kw name="Open Browser" owner="SeleniumLibrary">
<msg time="2024-04-20T14:44:56.131728" level="INFO">Opening browser 'chrome' to base url 'https://katalon-demo-cura.herokuapp.com/'.</msg>
<arg>${URL}</arg>
<arg>${BROWSER}</arg>
<doc>Opens a new browser instance to the optional ``url``.</doc>
<status status="PASS" start="2024-04-20T14:44:56.131728" elapsed="33.567632"/>
</kw>
<kw name="Maximize Browser Window" owner="SeleniumLibrary">
<doc>Maximizes current browser window.</doc>
<status status="PASS" start="2024-04-20T14:45:29.699360" elapsed="0.119085"/>
</kw>
<status status="PASS" start="2024-04-20T14:44:56.130728" elapsed="33.688713"/>
</kw>
<kw name="Click Element" owner="SeleniumLibrary">
<msg time="2024-04-20T14:45:29.820444" level="INFO">Clicking element 'xpath://*[@id="menu-toggle"]'.</msg>
<arg>xpath://*[@id="menu-toggle"]</arg>
<doc>Click the element identified by ``locator``.</doc>
<status status="PASS" start="2024-04-20T14:45:29.819441" elapsed="0.051926"/>
</kw>
<kw name="Sleep" owner="BuiltIn">
<msg time="2024-04-20T14:45:31.872979" level="INFO">Slept 2 seconds.</msg>
<arg>2</arg>
<doc>Pauses the test executed for the given time.</doc>
<status status="PASS" start="2024-04-20T14:45:29.872368" elapsed="2.001659"/>
</kw>
<kw name="Click Element" owner="SeleniumLibrary">
<msg time="2024-04-20T14:45:31.874027" level="INFO">Clicking element 'xpath://*[@id="sidebar-wrapper"]/ul/li[3]/a'.</msg>
<arg>xpath://*[@id="sidebar-wrapper"]/ul/li[3]/a</arg>
<doc>Click the element identified by ``locator``.</doc>
<status status="PASS" start="2024-04-20T14:45:31.874027" elapsed="1.166179"/>
</kw>
<kw name="Wait Until Element Is Visible" owner="SeleniumLibrary">
<arg>xpath://*[@id="login"]/div/div/div[2]/form/div[1]</arg>
<doc>Waits until the element ``locator`` is visible.</doc>
<status status="PASS" start="2024-04-20T14:45:33.040206" elapsed="0.019838"/>
</kw>
<status status="PASS" start="2024-04-20T14:44:56.130728" elapsed="36.929316"/>
</kw>
<kw name="Input Text" owner="SeleniumLibrary">
<msg time="2024-04-20T14:45:33.061044" level="INFO">Typing text 'Khanh Huan' into text field 'id:txt-username'.</msg>
<arg>id:txt-username</arg>
<arg>Khanh Huan</arg>
<doc>Types the given ``text`` into the text field identified by ``locator``.</doc>
<status status="PASS" start="2024-04-20T14:45:33.061044" elapsed="0.083518"/>
</kw>
<kw name="Sleep" owner="BuiltIn">
<msg time="2024-04-20T14:45:34.144953" level="INFO">Slept 1 second.</msg>
<arg>1</arg>
<doc>Pauses the test executed for the given time.</doc>
<status status="PASS" start="2024-04-20T14:45:33.144562" elapsed="1.000949"/>
</kw>
<kw name="Input Text" owner="SeleniumLibrary">
<msg time="2024-04-20T14:45:34.145511" level="INFO">Typing text 'ThisIsNotAPassword' into text field 'id:txt-password'.</msg>
<arg>id:txt-password</arg>
<arg>ThisIsNotAPassword</arg>
<doc>Types the given ``text`` into the text field identified by ``locator``.</doc>
<status status="PASS" start="2024-04-20T14:45:34.145511" elapsed="0.077065"/>
</kw>
<kw name="Sleep" owner="BuiltIn">
<msg time="2024-04-20T14:45:35.223077" level="INFO">Slept 1 second.</msg>
<arg>1</arg>
<doc>Pauses the test executed for the given time.</doc>
<status status="PASS" start="2024-04-20T14:45:34.222576" elapsed="1.001509"/>
</kw>
<kw name="Click Element" owner="SeleniumLibrary">
<msg time="2024-04-20T14:45:35.224085" level="INFO">Clicking element 'id:btn-login'.</msg>
<arg>id:btn-login</arg>
<doc>Click the element identified by ``locator``.</doc>
<status status="PASS" start="2024-04-20T14:45:35.224085" elapsed="1.663149"/>
</kw>
<kw name="Element Should Be Visible" owner="SeleniumLibrary">
<msg time="2024-04-20T14:45:36.948277" level="INFO">Element 'xpath://*[@id="login"]/div/div/div[1]/p[2]' is displayed.</msg>
<arg>xpath://*[@id="login"]/div/div/div[1]/p[2]</arg>
<doc>Verifies that the element identified by ``locator`` is visible.</doc>
<status status="PASS" start="2024-04-20T14:45:36.887234" elapsed="0.062006"/>
</kw>
<kw name="Element Text Should Be" owner="SeleniumLibrary">
<msg time="2024-04-20T14:45:36.949240" level="INFO">Verifying element 'xpath://*[@id="login"]/div/div/div[1]/p[2]' contains exact text 'Login failed! Please ensure the username and password are valid.'.</msg>
<arg>xpath://*[@id="login"]/div/div/div[1]/p[2]</arg>
<arg>Login failed! Please ensure the username and password are valid.</arg>
<doc>Verifies that element ``locator`` contains exact the text ``expected``.</doc>
<status status="PASS" start="2024-04-20T14:45:36.949240" elapsed="0.021210"/>
</kw>
<doc>Case wrong username</doc>
<status status="PASS" start="2024-04-20T14:44:56.129728" elapsed="40.840722"/>
</test>
<status status="PASS" start="2024-04-20T14:44:55.960628" elapsed="41.010823"/>
</suite>
<status status="PASS" start="2024-04-20T14:44:55.958593" elapsed="41.015871"/>
</suite>
<status status="PASS" start="2024-04-20T14:44:55.957594" elapsed="41.017854"/>
</suite>
<status status="PASS" start="2024-04-20T14:44:55.939627" elapsed="41.036823"/>
</suite>
<statistics>
<total>
<stat pass="1" fail="0" skip="0">All Tests</stat>
</total>
<tag>
</tag>
<suite>
<stat pass="1" fail="0" skip="0" id="s1" name="Swat Midterm">Swat Midterm</stat>
<stat pass="1" fail="0" skip="0" id="s1-s1" name="Tests">Swat Midterm.Tests</stat>
<stat pass="1" fail="0" skip="0" id="s1-s1-s1" name="Authentication">Swat Midterm.Tests.Authentication</stat>
<stat pass="1" fail="0" skip="0" id="s1-s1-s1-s1" name="Login">Swat Midterm.Tests.Authentication.Login</stat>
</suite>
</statistics>
<errors>
<msg time="2024-04-20T14:44:56.132726" level="ERROR">Calling method 'log_message' of listener 'C:\Users\KHANH HUAN\AppData\Local\Programs\Python\Python312\Lib\site-packages\robotide\contrib\testrunner\TestRunnerAgent.py' failed: AttributeError: 'Output' object has no attribute '_xmllogger'</msg>
<msg time="2024-04-20T14:45:29.821441" level="ERROR">Calling method 'log_message' of listener 'C:\Users\KHANH HUAN\AppData\Local\Programs\Python\Python312\Lib\site-packages\robotide\contrib\testrunner\TestRunnerAgent.py' failed: AttributeError: 'Output' object has no attribute '_xmllogger'</msg>
<msg time="2024-04-20T14:45:31.874027" level="ERROR">Calling method 'log_message' of listener 'C:\Users\KHANH HUAN\AppData\Local\Programs\Python\Python312\Lib\site-packages\robotide\contrib\testrunner\TestRunnerAgent.py' failed: AttributeError: 'Output' object has no attribute '_xmllogger'</msg>
<msg time="2024-04-20T14:45:31.875024" level="ERROR">Calling method 'log_message' of listener 'C:\Users\KHANH HUAN\AppData\Local\Programs\Python\Python312\Lib\site-packages\robotide\contrib\testrunner\TestRunnerAgent.py' failed: AttributeError: 'Output' object has no attribute '_xmllogger'</msg>
<msg time="2024-04-20T14:45:33.062042" level="ERROR">Calling method 'log_message' of listener 'C:\Users\KHANH HUAN\AppData\Local\Programs\Python\Python312\Lib\site-packages\robotide\contrib\testrunner\TestRunnerAgent.py' failed: AttributeError: 'Output' object has no attribute '_xmllogger'</msg>
<msg time="2024-04-20T14:45:34.145511" level="ERROR">Calling method 'log_message' of listener 'C:\Users\KHANH HUAN\AppData\Local\Programs\Python\Python312\Lib\site-packages\robotide\contrib\testrunner\TestRunnerAgent.py' failed: AttributeError: 'Output' object has no attribute '_xmllogger'</msg>
<msg time="2024-04-20T14:45:34.146517" level="ERROR">Calling method 'log_message' of listener 'C:\Users\KHANH HUAN\AppData\Local\Programs\Python\Python312\Lib\site-packages\robotide\contrib\testrunner\TestRunnerAgent.py' failed: AttributeError: 'Output' object has no attribute '_xmllogger'</msg>
<msg time="2024-04-20T14:45:35.223077" level="ERROR">Calling method 'log_message' of listener 'C:\Users\KHANH HUAN\AppData\Local\Programs\Python\Python312\Lib\site-packages\robotide\contrib\testrunner\TestRunnerAgent.py' failed: AttributeError: 'Output' object has no attribute '_xmllogger'</msg>
<msg time="2024-04-20T14:45:35.225084" level="ERROR">Calling method 'log_message' of listener 'C:\Users\KHANH HUAN\AppData\Local\Programs\Python\Python312\Lib\site-packages\robotide\contrib\testrunner\TestRunnerAgent.py' failed: AttributeError: 'Output' object has no attribute '_xmllogger'</msg>
<msg time="2024-04-20T14:45:36.949240" level="ERROR">Calling method 'log_message' of listener 'C:\Users\KHANH HUAN\AppData\Local\Programs\Python\Python312\Lib\site-packages\robotide\contrib\testrunner\TestRunnerAgent.py' failed: AttributeError: 'Output' object has no attribute '_xmllogger'</msg>
<msg time="2024-04-20T14:45:36.950274" level="ERROR">Calling method 'log_message' of listener 'C:\Users\KHANH HUAN\AppData\Local\Programs\Python\Python312\Lib\site-packages\robotide\contrib\testrunner\TestRunnerAgent.py' failed: AttributeError: 'Output' object has no attribute '_xmllogger'</msg>
</errors>
</robot>
